# JRE version: OpenJDK Runtime Environment (14.0) (build 14-internal+0-adhoc.jigga.loom)
# Java VM: OpenJDK 64-Bit Server VM (14-internal+0-adhoc.jigga.loom, mixed mode, sharing, tiered, compressed oops, g1 gc, bsd-amd64)
Heap:
 garbage-first heap   total 75776K, used 39614K [0x0000000700000000, 0x0000000800000000)
  region size 1024K, 2 young (2048K), 1 survivors (1024K)
 Metaspace       used 53173K, capacity 54644K, committed 55040K, reserved 1097728K
  class space    used 6249K, capacity 6786K, committed 6912K, reserved 1048576K
GC Heap History (20 events):
Event: 57.915 GC heap after
{Heap after GC invocations=40 (full 0):
 garbage-first heap   total 75776K, used 36406K [0x0000000700000000, 0x0000000800000000)
  region size 1024K, 2 young (2048K), 2 survivors (2048K)
 Metaspace       used 53076K, capacity 54508K, committed 54784K, reserved 1097728K
  class space    used 6246K, capacity 6784K, committed 6912K, reserved 1048576K
}
Event: 60.902 GC heap before
{Heap before GC invocations=41 (full 0):
 garbage-first heap   total 75776K, used 59958K [0x0000000700000000, 0x0000000800000000)
  region size 1024K, 26 young (26624K), 2 survivors (2048K)
 Metaspace       used 53086K, capacity 54508K, committed 54784K, reserved 1097728K
  class space    used 6246K, capacity 6784K, committed 6912K, reserved 1048576K
}
Event: 60.903 GC heap after
{Heap after GC invocations=42 (full 0):
 garbage-first heap   total 75776K, used 36668K [0x0000000700000000, 0x0000000800000000)
  region size 1024K, 3 young (3072K), 3 survivors (3072K)
 Metaspace       used 53086K, capacity 54508K, committed 54784K, reserved 1097728K
  class space    used 6246K, capacity 6784K, committed 6912K, reserved 1048576K
}
Event: 63.703 GC heap before
{Heap before GC invocations=42 (full 0):
 garbage-first heap   total 75776K, used 60220K [0x0000000700000000, 0x0000000800000000)
  region size 1024K, 26 young (26624K), 3 survivors (3072K)
 Metaspace       used 53101K, capacity 54514K, committed 54784K, reserved 1097728K
  class space    used 6248K, capacity 6786K, committed 6912K, reserved 1048576K
}
Event: 63.705 GC heap after
{Heap after GC invocations=43 (full 0):
 garbage-first heap   total 75776K, used 36505K [0x0000000700000000, 0x0000000800000000)
  region size 1024K, 2 young (2048K), 2 survivors (2048K)
 Metaspace       used 53101K, capacity 54514K, committed 54784K, reserved 1097728K
  class space    used 6248K, capacity 6786K, committed 6912K, reserved 1048576K
}
Event: 66.748 GC heap before
{Heap before GC invocations=44 (full 0):
 garbage-first heap   total 75776K, used 61081K [0x0000000700000000, 0x0000000800000000)
  region size 1024K, 26 young (26624K), 2 survivors (2048K)
 Metaspace       used 53127K, capacity 54579K, committed 54784K, reserved 1097728K
  class space    used 6248K, capacity 6786K, committed 6912K, reserved 1048576K
}
Event: 66.751 GC heap after
{Heap after GC invocations=45 (full 0):
 garbage-first heap   total 75776K, used 36849K [0x0000000700000000, 0x0000000800000000)
  region size 1024K, 3 young (3072K), 3 survivors (3072K)
 Metaspace       used 53127K, capacity 54579K, committed 54784K, reserved 1097728K
  class space    used 6248K, capacity 6786K, committed 6912K, reserved 1048576K
}
Event: 69.623 GC heap before
{Heap before GC invocations=45 (full 0):
 garbage-first heap   total 75776K, used 59377K [0x0000000700000000, 0x0000000800000000)
  region size 1024K, 26 young (26624K), 3 survivors (3072K)
 Metaspace       used 53141K, capacity 54643K, committed 55040K, reserved 1097728K
  class space    used 6248K, capacity 6786K, committed 6912K, reserved 1048576K
}
Event: 69.625 GC heap after
{Heap after GC invocations=46 (full 0):
 garbage-first heap   total 75776K, used 37876K [0x0000000700000000, 0x0000000800000000)
  region size 1024K, 4 young (4096K), 4 survivors (4096K)
 Metaspace       used 53141K, capacity 54643K, committed 55040K, reserved 1097728K
  class space    used 6248K, capacity 6786K, committed 6912K, reserved 1048576K
}
Event: 72.401 GC heap before
{Heap before GC invocations=47 (full 0):
 garbage-first heap   total 75776K, used 60404K [0x0000000700000000, 0x0000000800000000)
  region size 1024K, 26 young (26624K), 4 survivors (4096K)
 Metaspace       used 53150K, capacity 54643K, committed 55040K, reserved 1097728K
  class space    used 6248K, capacity 6786K, committed 6912K, reserved 1048576K
}
Event: 72.402 GC heap after
{Heap after GC invocations=48 (full 0):
 garbage-first heap   total 75776K, used 38259K [0x0000000700000000, 0x0000000800000000)
  region size 1024K, 3 young (3072K), 3 survivors (3072K)
 Metaspace       used 53150K, capacity 54643K, committed 55040K, reserved 1097728K
  class space    used 6248K, capacity 6786K, committed 6912K, reserved 1048576K
}
Event: 75.263 GC heap before
{Heap before GC invocations=48 (full 0):
 garbage-first heap   total 75776K, used 59763K [0x0000000700000000, 0x0000000800000000)
  region size 1024K, 25 young (25600K), 3 survivors (3072K)
 Metaspace       used 53171K, capacity 54644K, committed 55040K, reserved 1097728K
  class space    used 6249K, capacity 6786K, committed 6912K, reserved 1048576K
}
Event: 75.266 GC heap after
{Heap after GC invocations=49 (full 0):
 garbage-first heap   total 75776K, used 38532K [0x0000000700000000, 0x0000000800000000)
  region size 1024K, 2 young (2048K), 2 survivors (2048K)
 Metaspace       used 53171K, capacity 54644K, committed 55040K, reserved 1097728K
  class space    used 6249K, capacity 6786K, committed 6912K, reserved 1048576K
}
Event: 78.102 GC heap before
{Heap before GC invocations=50 (full 0):
 garbage-first heap   total 75776K, used 60036K [0x0000000700000000, 0x0000000800000000)
  region size 1024K, 24 young (24576K), 2 survivors (2048K)
 Metaspace       used 53172K, capacity 54644K, committed 55040K, reserved 1097728K
  class space    used 6249K, capacity 6786K, committed 6912K, reserved 1048576K
}
Event: 78.103 GC heap after
{Heap after GC invocations=51 (full 0):
 garbage-first heap   total 75776K, used 38673K [0x0000000700000000, 0x0000000800000000)
  region size 1024K, 2 young (2048K), 2 survivors (2048K)
 Metaspace       used 53172K, capacity 54644K, committed 55040K, reserved 1097728K
  class space    used 6249K, capacity 6786K, committed 6912K, reserved 1048576K
}
Event: 80.982 GC heap before
{Heap before GC invocations=51 (full 0):
 garbage-first heap   total 75776K, used 61201K [0x0000000700000000, 0x0000000800000000)
  region size 1024K, 24 young (24576K), 2 survivors (2048K)
 Metaspace       used 53172K, capacity 54644K, committed 55040K, reserved 1097728K
  class space    used 6249K, capacity 6786K, committed 6912K, reserved 1048576K
}
Event: 80.984 GC heap after
{Heap after GC invocations=52 (full 0):
 garbage-first heap   total 75776K, used 38799K [0x0000000700000000, 0x0000000800000000)
  region size 1024K, 2 young (2048K), 2 survivors (2048K)
 Metaspace       used 53172K, capacity 54644K, committed 55040K, reserved 1097728K
  class space    used 6249K, capacity 6786K, committed 6912K, reserved 1048576K
}
Event: 83.856 GC heap before
{Heap before GC invocations=53 (full 0):
 garbage-first heap   total 75776K, used 61327K [0x0000000700000000, 0x0000000800000000)
  region size 1024K, 24 young (24576K), 2 survivors (2048K)
 Metaspace       used 53173K, capacity 54644K, committed 55040K, reserved 1097728K
  class space    used 6249K, capacity 6786K, committed 6912K, reserved 1048576K
}
Event: 83.858 GC heap after
{Heap after GC invocations=54 (full 0):
 garbage-first heap   total 75776K, used 38590K [0x0000000700000000, 0x0000000800000000)
  region size 1024K, 2 young (2048K), 2 survivors (2048K)
 Metaspace       used 53173K, capacity 54644K, committed 55040K, reserved 1097728K
  class space    used 6249K, capacity 6786K, committed 6912K, reserved 1048576K
}
Event: 83.983 GC heap before
{Heap before GC invocations=54 (full 0):
 garbage-first heap   total 75776K, used 39614K [0x0000000700000000, 0x0000000800000000)
  region size 1024K, 3 young (3072K), 2 survivors (2048K)
 Metaspace       used 53173K, capacity 54644K, committed 55040K, reserved 1097728K
  class space    used 6249K, capacity 6786K, committed 6912K, reserved 1048576K
}

