# JRE version: OpenJDK Runtime Environment (14.0) (build 14-internal+0-adhoc.jigga.loom)
# Java VM: OpenJDK 64-Bit Server VM (14-internal+0-adhoc.jigga.loom, mixed mode, sharing, tiered, compressed oops, g1 gc, bsd-amd64)
Heap:
 garbage-first heap   total 95232K, used 43575K [0x0000000700000000, 0x0000000800000000)
  region size 1024K, 2 young (2048K), 1 survivors (1024K)
 Metaspace       used 52439K, capacity 53616K, committed 53760K, reserved 1095680K
  class space    used 6174K, capacity 6634K, committed 6656K, reserved 1048576K
GC Heap History (20 events):
Event: 221.363 GC heap after
{Heap after GC invocations=29 (full 0):
 garbage-first heap   total 95232K, used 39093K [0x0000000700000000, 0x0000000800000000)
  region size 1024K, 3 young (3072K), 3 survivors (3072K)
 Metaspace       used 52217K, capacity 53490K, committed 53760K, reserved 1095680K
  class space    used 6170K, capacity 6635K, committed 6656K, reserved 1048576K
}
Event: 227.143 GC heap before
{Heap before GC invocations=29 (full 0):
 garbage-first heap   total 95232K, used 78005K [0x0000000700000000, 0x0000000800000000)
  region size 1024K, 41 young (41984K), 3 survivors (3072K)
 Metaspace       used 52221K, capacity 53490K, committed 53760K, reserved 1095680K
  class space    used 6170K, capacity 6635K, committed 6656K, reserved 1048576K
}
Event: 227.146 GC heap after
{Heap after GC invocations=30 (full 0):
 garbage-first heap   total 95232K, used 40509K [0x0000000700000000, 0x0000000800000000)
  region size 1024K, 4 young (4096K), 4 survivors (4096K)
 Metaspace       used 52221K, capacity 53490K, committed 53760K, reserved 1095680K
  class space    used 6170K, capacity 6635K, committed 6656K, reserved 1048576K
}
Event: 232.922 GC heap before
{Heap before GC invocations=30 (full 0):
 garbage-first heap   total 95232K, used 77373K [0x0000000700000000, 0x0000000800000000)
  region size 1024K, 40 young (40960K), 4 survivors (4096K)
 Metaspace       used 52229K, capacity 53490K, committed 53760K, reserved 1095680K
  class space    used 6171K, capacity 6635K, committed 6656K, reserved 1048576K
}
Event: 232.924 GC heap after
{Heap after GC invocations=31 (full 0):
 garbage-first heap   total 95232K, used 41002K [0x0000000700000000, 0x0000000800000000)
  region size 1024K, 3 young (3072K), 3 survivors (3072K)
 Metaspace       used 52229K, capacity 53490K, committed 53760K, reserved 1095680K
  class space    used 6171K, capacity 6635K, committed 6656K, reserved 1048576K
}
Event: 238.553 GC heap before
{Heap before GC invocations=31 (full 0):
 garbage-first heap   total 95232K, used 76842K [0x0000000700000000, 0x0000000800000000)
  region size 1024K, 38 young (38912K), 3 survivors (3072K)
 Metaspace       used 52229K, capacity 53490K, committed 53760K, reserved 1095680K
  class space    used 6171K, capacity 6635K, committed 6656K, reserved 1048576K
}
Event: 238.555 GC heap after
{Heap after GC invocations=32 (full 0):
 garbage-first heap   total 95232K, used 40870K [0x0000000700000000, 0x0000000800000000)
  region size 1024K, 2 young (2048K), 2 survivors (2048K)
 Metaspace       used 52229K, capacity 53490K, committed 53760K, reserved 1095680K
  class space    used 6171K, capacity 6635K, committed 6656K, reserved 1048576K
}
Event: 244.352 GC heap before
{Heap before GC invocations=32 (full 0):
 garbage-first heap   total 95232K, used 76710K [0x0000000700000000, 0x0000000800000000)
  region size 1024K, 37 young (37888K), 2 survivors (2048K)
 Metaspace       used 52236K, capacity 53496K, committed 53760K, reserved 1095680K
  class space    used 6172K, capacity 6637K, committed 6656K, reserved 1048576K
}
Event: 244.354 GC heap after
{Heap after GC invocations=33 (full 0):
 garbage-first heap   total 95232K, used 40898K [0x0000000700000000, 0x0000000800000000)
  region size 1024K, 2 young (2048K), 2 survivors (2048K)
 Metaspace       used 52236K, capacity 53496K, committed 53760K, reserved 1095680K
  class space    used 6172K, capacity 6637K, committed 6656K, reserved 1048576K
}
Event: 513.344 GC heap before
{Heap before GC invocations=33 (full 0):
 garbage-first heap   total 95232K, used 77762K [0x0000000700000000, 0x0000000800000000)
  region size 1024K, 38 young (38912K), 2 survivors (2048K)
 Metaspace       used 52288K, capacity 53496K, committed 53760K, reserved 1095680K
  class space    used 6172K, capacity 6637K, committed 6656K, reserved 1048576K
}
Event: 513.345 GC heap after
{Heap after GC invocations=34 (full 0):
 garbage-first heap   total 95232K, used 40075K [0x0000000700000000, 0x0000000800000000)
  region size 1024K, 1 young (1024K), 1 survivors (1024K)
 Metaspace       used 52288K, capacity 53496K, committed 53760K, reserved 1095680K
  class space    used 6172K, capacity 6637K, committed 6656K, reserved 1048576K
}
Event: 1983.366 GC heap before
{Heap before GC invocations=34 (full 0):
 garbage-first heap   total 95232K, used 77963K [0x0000000700000000, 0x0000000800000000)
  region size 1024K, 38 young (38912K), 1 survivors (1024K)
 Metaspace       used 52423K, capacity 53624K, committed 53760K, reserved 1095680K
  class space    used 6172K, capacity 6637K, committed 6656K, reserved 1048576K
}
Event: 1983.367 GC heap after
{Heap after GC invocations=35 (full 0):
 garbage-first heap   total 95232K, used 42291K [0x0000000700000000, 0x0000000800000000)
  region size 1024K, 3 young (3072K), 3 survivors (3072K)
 Metaspace       used 52423K, capacity 53624K, committed 53760K, reserved 1095680K
  class space    used 6172K, capacity 6637K, committed 6656K, reserved 1048576K
}
Event: 1989.277 GC heap before
{Heap before GC invocations=35 (full 0):
 garbage-first heap   total 95232K, used 78131K [0x0000000700000000, 0x0000000800000000)
  region size 1024K, 38 young (38912K), 3 survivors (3072K)
 Metaspace       used 52444K, capacity 53625K, committed 53760K, reserved 1095680K
  class space    used 6176K, capacity 6637K, committed 6656K, reserved 1048576K
}
Event: 1989.279 GC heap after
{Heap after GC invocations=36 (full 0):
 garbage-first heap   total 95232K, used 42471K [0x0000000700000000, 0x0000000800000000)
  region size 1024K, 3 young (3072K), 3 survivors (3072K)
 Metaspace       used 52444K, capacity 53625K, committed 53760K, reserved 1095680K
  class space    used 6176K, capacity 6637K, committed 6656K, reserved 1048576K
}
Event: 1995.055 GC heap before
{Heap before GC invocations=36 (full 0):
 garbage-first heap   total 95232K, used 77287K [0x0000000700000000, 0x0000000800000000)
  region size 1024K, 37 young (37888K), 3 survivors (3072K)
 Metaspace       used 52444K, capacity 53625K, committed 53760K, reserved 1095680K
  class space    used 6176K, capacity 6637K, committed 6656K, reserved 1048576K
}
Event: 1995.058 GC heap after
{Heap after GC invocations=37 (full 0):
 garbage-first heap   total 95232K, used 42590K [0x0000000700000000, 0x0000000800000000)
  region size 1024K, 3 young (3072K), 3 survivors (3072K)
 Metaspace       used 52444K, capacity 53625K, committed 53760K, reserved 1095680K
  class space    used 6176K, capacity 6637K, committed 6656K, reserved 1048576K
}
Event: 2000.901 GC heap before
{Heap before GC invocations=38 (full 0):
 garbage-first heap   total 95232K, used 77388K [0x0000000700000000, 0x0000000800000000)
  region size 1024K, 37 young (37888K), 3 survivors (3072K)
 Metaspace       used 52439K, capacity 53616K, committed 53760K, reserved 1095680K
  class space    used 6174K, capacity 6634K, committed 6656K, reserved 1048576K
}
Event: 2000.902 GC heap after
{Heap after GC invocations=39 (full 0):
 garbage-first heap   total 95232K, used 42551K [0x0000000700000000, 0x0000000800000000)
  region size 1024K, 3 young (3072K), 3 survivors (3072K)
 Metaspace       used 52439K, capacity 53616K, committed 53760K, reserved 1095680K
  class space    used 6174K, capacity 6634K, committed 6656K, reserved 1048576K
}
Event: 2001.045 GC heap before
{Heap before GC invocations=39 (full 0):
 garbage-first heap   total 95232K, used 43575K [0x0000000700000000, 0x0000000800000000)
  region size 1024K, 4 young (4096K), 3 survivors (3072K)
 Metaspace       used 52439K, capacity 53616K, committed 53760K, reserved 1095680K
  class space    used 6174K, capacity 6634K, committed 6656K, reserved 1048576K
}

