# JRE version: OpenJDK Runtime Environment (14.0) (build 14-internal+0-adhoc.jigga.loom)
# Java VM: OpenJDK 64-Bit Server VM (14-internal+0-adhoc.jigga.loom, mixed mode, sharing, tiered, compressed oops, g1 gc, bsd-amd64)
Heap:
 garbage-first heap   total 153600K, used 69858K [0x0000000700000000, 0x0000000800000000)
  region size 1024K, 7 young (7168K), 1 survivors (1024K)
 Metaspace       used 51450K, capacity 52677K, committed 52992K, reserved 1095680K
  class space    used 6067K, capacity 6534K, committed 6656K, reserved 1048576K
GC Heap History (20 events):
Event: 38.311 GC heap after
{Heap after GC invocations=50 (full 0):
 garbage-first heap   total 102400K, used 83581K [0x0000000700000000, 0x0000000800000000)
  region size 1024K, 1 young (1024K), 1 survivors (1024K)
 Metaspace       used 51450K, capacity 52677K, committed 52992K, reserved 1095680K
  class space    used 6067K, capacity 6534K, committed 6656K, reserved 1048576K
}
Event: 38.477 GC heap before
{Heap before GC invocations=50 (full 0):
 garbage-first heap   total 102400K, used 87677K [0x0000000700000000, 0x0000000800000000)
  region size 1024K, 5 young (5120K), 1 survivors (1024K)
 Metaspace       used 51450K, capacity 52677K, committed 52992K, reserved 1095680K
  class space    used 6067K, capacity 6534K, committed 6656K, reserved 1048576K
}
Event: 38.478 GC heap after
{Heap after GC invocations=51 (full 0):
 garbage-first heap   total 102400K, used 84621K [0x0000000700000000, 0x0000000800000000)
  region size 1024K, 1 young (1024K), 1 survivors (1024K)
 Metaspace       used 51450K, capacity 52677K, committed 52992K, reserved 1095680K
  class space    used 6067K, capacity 6534K, committed 6656K, reserved 1048576K
}
Event: 38.633 GC heap before
{Heap before GC invocations=51 (full 0):
 garbage-first heap   total 102400K, used 88717K [0x0000000700000000, 0x0000000800000000)
  region size 1024K, 5 young (5120K), 1 survivors (1024K)
 Metaspace       used 51450K, capacity 52677K, committed 52992K, reserved 1095680K
  class space    used 6067K, capacity 6534K, committed 6656K, reserved 1048576K
}
Event: 38.635 GC heap after
{Heap after GC invocations=52 (full 0):
 garbage-first heap   total 102400K, used 85691K [0x0000000700000000, 0x0000000800000000)
  region size 1024K, 1 young (1024K), 1 survivors (1024K)
 Metaspace       used 51450K, capacity 52677K, committed 52992K, reserved 1095680K
  class space    used 6067K, capacity 6534K, committed 6656K, reserved 1048576K
}
Event: 38.806 GC heap before
{Heap before GC invocations=52 (full 0):
 garbage-first heap   total 102400K, used 89787K [0x0000000700000000, 0x0000000800000000)
  region size 1024K, 5 young (5120K), 1 survivors (1024K)
 Metaspace       used 51450K, capacity 52677K, committed 52992K, reserved 1095680K
  class space    used 6067K, capacity 6534K, committed 6656K, reserved 1048576K
}
Event: 38.808 GC heap after
{Heap after GC invocations=53 (full 0):
 garbage-first heap   total 102400K, used 86751K [0x0000000700000000, 0x0000000800000000)
  region size 1024K, 1 young (1024K), 1 survivors (1024K)
 Metaspace       used 51450K, capacity 52677K, committed 52992K, reserved 1095680K
  class space    used 6067K, capacity 6534K, committed 6656K, reserved 1048576K
}
Event: 38.974 GC heap before
{Heap before GC invocations=53 (full 0):
 garbage-first heap   total 102400K, used 89823K [0x0000000700000000, 0x0000000800000000)
  region size 1024K, 5 young (5120K), 1 survivors (1024K)
 Metaspace       used 51450K, capacity 52677K, committed 52992K, reserved 1095680K
  class space    used 6067K, capacity 6534K, committed 6656K, reserved 1048576K
}
Event: 38.975 GC heap after
{Heap after GC invocations=54 (full 0):
 garbage-first heap   total 102400K, used 87811K [0x0000000700000000, 0x0000000800000000)
  region size 1024K, 1 young (1024K), 1 survivors (1024K)
 Metaspace       used 51450K, capacity 52677K, committed 52992K, reserved 1095680K
  class space    used 6067K, capacity 6534K, committed 6656K, reserved 1048576K
}
Event: 39.144 GC heap before
{Heap before GC invocations=54 (full 0):
 garbage-first heap   total 102400K, used 91907K [0x0000000700000000, 0x0000000800000000)
  region size 1024K, 5 young (5120K), 1 survivors (1024K)
 Metaspace       used 51450K, capacity 52677K, committed 52992K, reserved 1095680K
  class space    used 6067K, capacity 6534K, committed 6656K, reserved 1048576K
}
Event: 39.145 GC heap after
{Heap after GC invocations=55 (full 0):
 garbage-first heap   total 102400K, used 88760K [0x0000000700000000, 0x0000000800000000)
  region size 1024K, 1 young (1024K), 1 survivors (1024K)
 Metaspace       used 51450K, capacity 52677K, committed 52992K, reserved 1095680K
  class space    used 6067K, capacity 6534K, committed 6656K, reserved 1048576K
}
Event: 39.303 GC heap before
{Heap before GC invocations=55 (full 0):
 garbage-first heap   total 102400K, used 92856K [0x0000000700000000, 0x0000000800000000)
  region size 1024K, 5 young (5120K), 1 survivors (1024K)
 Metaspace       used 51450K, capacity 52677K, committed 52992K, reserved 1095680K
  class space    used 6067K, capacity 6534K, committed 6656K, reserved 1048576K
}
Event: 39.305 GC heap after
{Heap after GC invocations=56 (full 0):
 garbage-first heap   total 102400K, used 89781K [0x0000000700000000, 0x0000000800000000)
  region size 1024K, 1 young (1024K), 1 survivors (1024K)
 Metaspace       used 51450K, capacity 52677K, committed 52992K, reserved 1095680K
  class space    used 6067K, capacity 6534K, committed 6656K, reserved 1048576K
}
Event: 39.533 GC heap before
{Heap before GC invocations=57 (full 0):
 garbage-first heap   total 153600K, used 94901K [0x0000000700000000, 0x0000000800000000)
  region size 1024K, 7 young (7168K), 1 survivors (1024K)
 Metaspace       used 51450K, capacity 52677K, committed 52992K, reserved 1095680K
  class space    used 6067K, capacity 6534K, committed 6656K, reserved 1048576K
}
Event: 39.535 GC heap after
{Heap after GC invocations=58 (full 0):
 garbage-first heap   total 153600K, used 90979K [0x0000000700000000, 0x0000000800000000)
  region size 1024K, 1 young (1024K), 1 survivors (1024K)
 Metaspace       used 51450K, capacity 52677K, committed 52992K, reserved 1095680K
  class space    used 6067K, capacity 6534K, committed 6656K, reserved 1048576K
}
Event: 39.790 GC heap before
{Heap before GC invocations=58 (full 0):
 garbage-first heap   total 153600K, used 97123K [0x0000000700000000, 0x0000000800000000)
  region size 1024K, 7 young (7168K), 1 survivors (1024K)
 Metaspace       used 51450K, capacity 52677K, committed 52992K, reserved 1095680K
  class space    used 6067K, capacity 6534K, committed 6656K, reserved 1048576K
}
Event: 39.792 GC heap after
{Heap after GC invocations=59 (full 0):
 garbage-first heap   total 153600K, used 77096K [0x0000000700000000, 0x0000000800000000)
  region size 1024K, 1 young (1024K), 1 survivors (1024K)
 Metaspace       used 51450K, capacity 52677K, committed 52992K, reserved 1095680K
  class space    used 6067K, capacity 6534K, committed 6656K, reserved 1048576K
}
Event: 40.050 GC heap before
{Heap before GC invocations=59 (full 0):
 garbage-first heap   total 153600K, used 82216K [0x0000000700000000, 0x0000000800000000)
  region size 1024K, 7 young (7168K), 1 survivors (1024K)
 Metaspace       used 51450K, capacity 52677K, committed 52992K, reserved 1095680K
  class space    used 6067K, capacity 6534K, committed 6656K, reserved 1048576K
}
Event: 40.052 GC heap after
{Heap after GC invocations=60 (full 0):
 garbage-first heap   total 153600K, used 63716K [0x0000000700000000, 0x0000000800000000)
  region size 1024K, 1 young (1024K), 1 survivors (1024K)
 Metaspace       used 51450K, capacity 52677K, committed 52992K, reserved 1095680K
  class space    used 6067K, capacity 6534K, committed 6656K, reserved 1048576K
}
Event: 40.283 GC heap before
{Heap before GC invocations=60 (full 0):
 garbage-first heap   total 153600K, used 68836K [0x0000000700000000, 0x0000000800000000)
  region size 1024K, 7 young (7168K), 1 survivors (1024K)
 Metaspace       used 51450K, capacity 52677K, committed 52992K, reserved 1095680K
  class space    used 6067K, capacity 6534K, committed 6656K, reserved 1048576K
}

