# JRE version: OpenJDK Runtime Environment (14.0) (build 14-internal+0-adhoc.jigga.loom)
# Java VM: OpenJDK 64-Bit Server VM (14-internal+0-adhoc.jigga.loom, mixed mode, sharing, tiered, compressed oops, g1 gc, bsd-amd64)
Heap:
 garbage-first heap   total 137216K, used 83124K [0x0000000700000000, 0x0000000800000000)
  region size 1024K, 4 young (4096K), 1 survivors (1024K)
 Metaspace       used 53603K, capacity 55011K, committed 55196K, reserved 1097728K
  class space    used 6309K, capacity 6824K, committed 6860K, reserved 1048576K
GC Heap History (20 events):
Event: 26.724 GC heap after
{Heap after GC invocations=22 (full 0):
 garbage-first heap   total 132096K, used 76993K [0x0000000700000000, 0x0000000800000000)
  region size 1024K, 3 young (3072K), 3 survivors (3072K)
 Metaspace       used 51652K, capacity 52937K, committed 53276K, reserved 1095680K
  class space    used 6115K, capacity 6598K, committed 6732K, reserved 1048576K
}
Event: 26.801 GC heap before
{Heap before GC invocations=22 (full 0):
 garbage-first heap   total 132096K, used 79041K [0x0000000700000000, 0x0000000800000000)
  region size 1024K, 6 young (6144K), 3 survivors (3072K)
 Metaspace       used 51664K, capacity 52937K, committed 53276K, reserved 1095680K
  class space    used 6115K, capacity 6598K, committed 6732K, reserved 1048576K
}
Event: 26.805 GC heap after
{Heap after GC invocations=23 (full 0):
 garbage-first heap   total 132096K, used 71235K [0x0000000700000000, 0x0000000800000000)
  region size 1024K, 1 young (1024K), 1 survivors (1024K)
 Metaspace       used 51664K, capacity 52937K, committed 53276K, reserved 1095680K
  class space    used 6115K, capacity 6598K, committed 6732K, reserved 1048576K
}
Event: 27.437 GC heap before
{Heap before GC invocations=23 (full 0):
 garbage-first heap   total 132096K, used 91715K [0x0000000700000000, 0x0000000800000000)
  region size 1024K, 21 young (21504K), 1 survivors (1024K)
 Metaspace       used 51740K, capacity 53002K, committed 53276K, reserved 1095680K
  class space    used 6115K, capacity 6598K, committed 6732K, reserved 1048576K
}
Event: 27.442 GC heap after
{Heap after GC invocations=24 (full 0):
 garbage-first heap   total 132096K, used 75904K [0x0000000700000000, 0x0000000800000000)
  region size 1024K, 3 young (3072K), 3 survivors (3072K)
 Metaspace       used 51740K, capacity 53002K, committed 53276K, reserved 1095680K
  class space    used 6115K, capacity 6598K, committed 6732K, reserved 1048576K
}
Event: 28.046 GC heap before
{Heap before GC invocations=25 (full 0):
 garbage-first heap   total 132096K, used 95360K [0x0000000700000000, 0x0000000800000000)
  region size 1024K, 22 young (22528K), 3 survivors (3072K)
 Metaspace       used 51782K, capacity 53066K, committed 53276K, reserved 1095680K
  class space    used 6116K, capacity 6598K, committed 6732K, reserved 1048576K
}
Event: 28.049 GC heap after
{Heap after GC invocations=26 (full 0):
 garbage-first heap   total 132096K, used 79246K [0x0000000700000000, 0x0000000800000000)
  region size 1024K, 3 young (3072K), 3 survivors (3072K)
 Metaspace       used 51782K, capacity 53066K, committed 53276K, reserved 1095680K
  class space    used 6116K, capacity 6598K, committed 6732K, reserved 1048576K
}
Event: 28.136 GC heap before
{Heap before GC invocations=26 (full 0):
 garbage-first heap   total 132096K, used 82318K [0x0000000700000000, 0x0000000800000000)
  region size 1024K, 6 young (6144K), 3 survivors (3072K)
 Metaspace       used 51782K, capacity 53066K, committed 53276K, reserved 1095680K
  class space    used 6116K, capacity 6598K, committed 6732K, reserved 1048576K
}
Event: 28.141 GC heap after
{Heap after GC invocations=27 (full 0):
 garbage-first heap   total 132096K, used 72410K [0x0000000700000000, 0x0000000800000000)
  region size 1024K, 1 young (1024K), 1 survivors (1024K)
 Metaspace       used 51782K, capacity 53066K, committed 53276K, reserved 1095680K
  class space    used 6116K, capacity 6598K, committed 6732K, reserved 1048576K
}
Event: 28.766 GC heap before
{Heap before GC invocations=27 (full 0):
 garbage-first heap   total 132096K, used 92890K [0x0000000700000000, 0x0000000800000000)
  region size 1024K, 22 young (22528K), 1 survivors (1024K)
 Metaspace       used 51783K, capacity 53066K, committed 53276K, reserved 1095680K
  class space    used 6116K, capacity 6598K, committed 6732K, reserved 1048576K
}
Event: 28.770 GC heap after
{Heap after GC invocations=28 (full 0):
 garbage-first heap   total 132096K, used 77493K [0x0000000700000000, 0x0000000800000000)
  region size 1024K, 3 young (3072K), 3 survivors (3072K)
 Metaspace       used 51783K, capacity 53066K, committed 53276K, reserved 1095680K
  class space    used 6116K, capacity 6598K, committed 6732K, reserved 1048576K
}
Event: 29.342 GC heap before
{Heap before GC invocations=29 (full 0):
 garbage-first heap   total 137216K, used 96949K [0x0000000700000000, 0x0000000800000000)
  region size 1024K, 22 young (22528K), 3 survivors (3072K)
 Metaspace       used 51783K, capacity 53066K, committed 53276K, reserved 1095680K
  class space    used 6116K, capacity 6598K, committed 6732K, reserved 1048576K
}
Event: 29.346 GC heap after
{Heap after GC invocations=30 (full 0):
 garbage-first heap   total 137216K, used 80539K [0x0000000700000000, 0x0000000800000000)
  region size 1024K, 3 young (3072K), 3 survivors (3072K)
 Metaspace       used 51783K, capacity 53066K, committed 53276K, reserved 1095680K
  class space    used 6116K, capacity 6598K, committed 6732K, reserved 1048576K
}
Event: 29.443 GC heap before
{Heap before GC invocations=30 (full 0):
 garbage-first heap   total 137216K, used 83611K [0x0000000700000000, 0x0000000800000000)
  region size 1024K, 6 young (6144K), 3 survivors (3072K)
 Metaspace       used 51783K, capacity 53066K, committed 53276K, reserved 1095680K
  class space    used 6116K, capacity 6598K, committed 6732K, reserved 1048576K
}
Event: 29.448 GC heap after
{Heap after GC invocations=31 (full 0):
 garbage-first heap   total 137216K, used 72205K [0x0000000700000000, 0x0000000800000000)
  region size 1024K, 1 young (1024K), 1 survivors (1024K)
 Metaspace       used 51783K, capacity 53066K, committed 53276K, reserved 1095680K
  class space    used 6116K, capacity 6598K, committed 6732K, reserved 1048576K
}
Event: 30.197 GC heap before
{Heap before GC invocations=31 (full 0):
 garbage-first heap   total 137216K, used 95757K [0x0000000700000000, 0x0000000800000000)
  region size 1024K, 25 young (25600K), 1 survivors (1024K)
 Metaspace       used 51784K, capacity 53066K, committed 53276K, reserved 1095680K
  class space    used 6116K, capacity 6598K, committed 6732K, reserved 1048576K
}
Event: 30.201 GC heap after
{Heap after GC invocations=32 (full 0):
 garbage-first heap   total 137216K, used 77800K [0x0000000700000000, 0x0000000800000000)
  region size 1024K, 4 young (4096K), 4 survivors (4096K)
 Metaspace       used 51784K, capacity 53066K, committed 53276K, reserved 1095680K
  class space    used 6116K, capacity 6598K, committed 6732K, reserved 1048576K
}
Event: 90.608 GC heap before
{Heap before GC invocations=33 (full 0):
 garbage-first heap   total 137216K, used 101352K [0x0000000700000000, 0x0000000800000000)
  region size 1024K, 27 young (27648K), 4 survivors (4096K)
 Metaspace       used 53569K, capacity 55010K, committed 55196K, reserved 1097728K
  class space    used 6309K, capacity 6824K, committed 6860K, reserved 1048576K
}
Event: 90.611 GC heap after
{Heap after GC invocations=34 (full 0):
 garbage-first heap   total 137216K, used 80052K [0x0000000700000000, 0x0000000800000000)
  region size 1024K, 3 young (3072K), 3 survivors (3072K)
 Metaspace       used 53569K, capacity 55010K, committed 55196K, reserved 1097728K
  class space    used 6309K, capacity 6824K, committed 6860K, reserved 1048576K
}
Event: 97.670 GC heap before
{Heap before GC invocations=34 (full 0):
 garbage-first heap   total 137216K, used 83124K [0x0000000700000000, 0x0000000800000000)
  region size 1024K, 6 young (6144K), 3 survivors (3072K)
 Metaspace       used 53603K, capacity 55011K, committed 55196K, reserved 1097728K
  class space    used 6309K, capacity 6824K, committed 6860K, reserved 1048576K
}

