# JRE version: OpenJDK Runtime Environment (14.0) (build 14-internal+0-adhoc.jigga.loom)
# Java VM: OpenJDK 64-Bit Server VM (14-internal+0-adhoc.jigga.loom, mixed mode, sharing, tiered, compressed oops, g1 gc, bsd-amd64)
Heap:
 garbage-first heap   total 71680K, used 39152K [0x0000000700000000, 0x0000000800000000)
  region size 1024K, 2 young (2048K), 1 survivors (1024K)
 Metaspace       used 53276K, capacity 54703K, committed 55040K, reserved 1097728K
  class space    used 6262K, capacity 6789K, committed 6912K, reserved 1048576K
GC Heap History (20 events):
Event: 95.500 GC heap after
{Heap after GC invocations=47 (full 0):
 garbage-first heap   total 71680K, used 37686K [0x0000000700000000, 0x0000000800000000)
  region size 1024K, 2 young (2048K), 2 survivors (2048K)
 Metaspace       used 53217K, capacity 54631K, committed 55040K, reserved 1097728K
  class space    used 6260K, capacity 6787K, committed 6912K, reserved 1048576K
}
Event: 97.883 GC heap before
{Heap before GC invocations=47 (full 0):
 garbage-first heap   total 71680K, used 57142K [0x0000000700000000, 0x0000000800000000)
  region size 1024K, 21 young (21504K), 2 survivors (2048K)
 Metaspace       used 53222K, capacity 54631K, committed 55040K, reserved 1097728K
  class space    used 6260K, capacity 6787K, committed 6912K, reserved 1048576K
}
Event: 97.884 GC heap after
{Heap after GC invocations=48 (full 0):
 garbage-first heap   total 71680K, used 38048K [0x0000000700000000, 0x0000000800000000)
  region size 1024K, 2 young (2048K), 2 survivors (2048K)
 Metaspace       used 53222K, capacity 54631K, committed 55040K, reserved 1097728K
  class space    used 6260K, capacity 6787K, committed 6912K, reserved 1048576K
}
Event: 100.242 GC heap before
{Heap before GC invocations=49 (full 0):
 garbage-first heap   total 71680K, used 56480K [0x0000000700000000, 0x0000000800000000)
  region size 1024K, 21 young (21504K), 2 survivors (2048K)
 Metaspace       used 53231K, capacity 54637K, committed 55040K, reserved 1097728K
  class space    used 6262K, capacity 6789K, committed 6912K, reserved 1048576K
}
Event: 100.244 GC heap after
{Heap after GC invocations=50 (full 0):
 garbage-first heap   total 71680K, used 38334K [0x0000000700000000, 0x0000000800000000)
  region size 1024K, 2 young (2048K), 2 survivors (2048K)
 Metaspace       used 53231K, capacity 54637K, committed 55040K, reserved 1097728K
  class space    used 6262K, capacity 6789K, committed 6912K, reserved 1048576K
}
Event: 100.367 GC heap before
{Heap before GC invocations=50 (full 0):
 garbage-first heap   total 71680K, used 39358K [0x0000000700000000, 0x0000000800000000)
  region size 1024K, 3 young (3072K), 2 survivors (2048K)
 Metaspace       used 53231K, capacity 54637K, committed 55040K, reserved 1097728K
  class space    used 6262K, capacity 6789K, committed 6912K, reserved 1048576K
}
Event: 100.371 GC heap after
{Heap after GC invocations=51 (full 0):
 garbage-first heap   total 71680K, used 35516K [0x0000000700000000, 0x0000000800000000)
  region size 1024K, 1 young (1024K), 1 survivors (1024K)
 Metaspace       used 53231K, capacity 54637K, committed 55040K, reserved 1097728K
  class space    used 6262K, capacity 6789K, committed 6912K, reserved 1048576K
}
Event: 102.987 GC heap before
{Heap before GC invocations=51 (full 0):
 garbage-first heap   total 71680K, used 57020K [0x0000000700000000, 0x0000000800000000)
  region size 1024K, 22 young (22528K), 1 survivors (1024K)
 Metaspace       used 53240K, capacity 54637K, committed 55040K, reserved 1097728K
  class space    used 6262K, capacity 6789K, committed 6912K, reserved 1048576K
}
Event: 102.990 GC heap after
{Heap after GC invocations=52 (full 0):
 garbage-first heap   total 71680K, used 36710K [0x0000000700000000, 0x0000000800000000)
  region size 1024K, 2 young (2048K), 2 survivors (2048K)
 Metaspace       used 53240K, capacity 54637K, committed 55040K, reserved 1097728K
  class space    used 6262K, capacity 6789K, committed 6912K, reserved 1048576K
}
Event: 105.465 GC heap before
{Heap before GC invocations=53 (full 0):
 garbage-first heap   total 71680K, used 56166K [0x0000000700000000, 0x0000000800000000)
  region size 1024K, 22 young (22528K), 2 survivors (2048K)
 Metaspace       used 53256K, capacity 54701K, committed 55040K, reserved 1097728K
  class space    used 6262K, capacity 6789K, committed 6912K, reserved 1048576K
}
Event: 105.467 GC heap after
{Heap after GC invocations=54 (full 0):
 garbage-first heap   total 71680K, used 37486K [0x0000000700000000, 0x0000000800000000)
  region size 1024K, 3 young (3072K), 3 survivors (3072K)
 Metaspace       used 53256K, capacity 54701K, committed 55040K, reserved 1097728K
  class space    used 6262K, capacity 6789K, committed 6912K, reserved 1048576K
}
Event: 107.901 GC heap before
{Heap before GC invocations=54 (full 0):
 garbage-first heap   total 71680K, used 56942K [0x0000000700000000, 0x0000000800000000)
  region size 1024K, 22 young (22528K), 3 survivors (3072K)
 Metaspace       used 53256K, capacity 54701K, committed 55040K, reserved 1097728K
  class space    used 6262K, capacity 6789K, committed 6912K, reserved 1048576K
}
Event: 107.903 GC heap after
{Heap after GC invocations=55 (full 0):
 garbage-first heap   total 71680K, used 37942K [0x0000000700000000, 0x0000000800000000)
  region size 1024K, 2 young (2048K), 2 survivors (2048K)
 Metaspace       used 53256K, capacity 54701K, committed 55040K, reserved 1097728K
  class space    used 6262K, capacity 6789K, committed 6912K, reserved 1048576K
}
Event: 110.495 GC heap before
{Heap before GC invocations=56 (full 0):
 garbage-first heap   total 71680K, used 57398K [0x0000000700000000, 0x0000000800000000)
  region size 1024K, 22 young (22528K), 2 survivors (2048K)
 Metaspace       used 53263K, capacity 54701K, committed 55040K, reserved 1097728K
  class space    used 6262K, capacity 6789K, committed 6912K, reserved 1048576K
}
Event: 110.497 GC heap after
{Heap after GC invocations=57 (full 0):
 garbage-first heap   total 71680K, used 37986K [0x0000000700000000, 0x0000000800000000)
  region size 1024K, 2 young (2048K), 2 survivors (2048K)
 Metaspace       used 53263K, capacity 54701K, committed 55040K, reserved 1097728K
  class space    used 6262K, capacity 6789K, committed 6912K, reserved 1048576K
}
Event: 113.115 GC heap before
{Heap before GC invocations=57 (full 0):
 garbage-first heap   total 71680K, used 58466K [0x0000000700000000, 0x0000000800000000)
  region size 1024K, 22 young (22528K), 2 survivors (2048K)
 Metaspace       used 53268K, capacity 54701K, committed 55040K, reserved 1097728K
  class space    used 6262K, capacity 6789K, committed 6912K, reserved 1048576K
}
Event: 113.117 GC heap after
{Heap after GC invocations=58 (full 0):
 garbage-first heap   total 71680K, used 38135K [0x0000000700000000, 0x0000000800000000)
  region size 1024K, 2 young (2048K), 2 survivors (2048K)
 Metaspace       used 53268K, capacity 54701K, committed 55040K, reserved 1097728K
  class space    used 6262K, capacity 6789K, committed 6912K, reserved 1048576K
}
Event: 115.712 GC heap before
{Heap before GC invocations=59 (full 0):
 garbage-first heap   total 71680K, used 58615K [0x0000000700000000, 0x0000000800000000)
  region size 1024K, 22 young (22528K), 2 survivors (2048K)
 Metaspace       used 53275K, capacity 54702K, committed 55040K, reserved 1097728K
  class space    used 6262K, capacity 6789K, committed 6912K, reserved 1048576K
}
Event: 115.713 GC heap after
{Heap after GC invocations=60 (full 0):
 garbage-first heap   total 71680K, used 38128K [0x0000000700000000, 0x0000000800000000)
  region size 1024K, 2 young (2048K), 2 survivors (2048K)
 Metaspace       used 53275K, capacity 54702K, committed 55040K, reserved 1097728K
  class space    used 6262K, capacity 6789K, committed 6912K, reserved 1048576K
}
Event: 115.804 GC heap before
{Heap before GC invocations=60 (full 0):
 garbage-first heap   total 71680K, used 39152K [0x0000000700000000, 0x0000000800000000)
  region size 1024K, 3 young (3072K), 2 survivors (2048K)
 Metaspace       used 53276K, capacity 54703K, committed 55040K, reserved 1097728K
  class space    used 6262K, capacity 6789K, committed 6912K, reserved 1048576K
}

