# JRE version: OpenJDK Runtime Environment (14.0) (build 14-internal+0-adhoc.jigga.loom)
# Java VM: OpenJDK 64-Bit Server VM (14-internal+0-adhoc.jigga.loom, mixed mode, sharing, tiered, compressed oops, g1 gc, bsd-amd64)
Heap:
 garbage-first heap   total 71680K, used 58492K [0x0000000700000000, 0x0000000800000000)
  region size 1024K, 22 young (22528K), 2 survivors (2048K)
 Metaspace       used 53449K, capacity 54908K, committed 55296K, reserved 1097728K
  class space    used 6248K, capacity 6786K, committed 6912K, reserved 1048576K
GC Heap History (20 events):
Event: 63.569 GC heap after
{Heap after GC invocations=35 (full 0):
 garbage-first heap   total 71680K, used 37299K [0x0000000700000000, 0x0000000800000000)
  region size 1024K, 2 young (2048K), 2 survivors (2048K)
 Metaspace       used 53263K, capacity 54649K, committed 55040K, reserved 1097728K
  class space    used 6242K, capacity 6775K, committed 6912K, reserved 1048576K
}
Event: 65.782 GC heap before
{Heap before GC invocations=35 (full 0):
 garbage-first heap   total 71680K, used 56755K [0x0000000700000000, 0x0000000800000000)
  region size 1024K, 22 young (22528K), 2 survivors (2048K)
 Metaspace       used 53310K, capacity 54679K, committed 55040K, reserved 1097728K
  class space    used 6244K, capacity 6779K, committed 6912K, reserved 1048576K
}
Event: 65.784 GC heap after
{Heap after GC invocations=36 (full 0):
 garbage-first heap   total 71680K, used 37370K [0x0000000700000000, 0x0000000800000000)
  region size 1024K, 2 young (2048K), 2 survivors (2048K)
 Metaspace       used 53310K, capacity 54679K, committed 55040K, reserved 1097728K
  class space    used 6244K, capacity 6779K, committed 6912K, reserved 1048576K
}
Event: 67.966 GC heap before
{Heap before GC invocations=37 (full 0):
 garbage-first heap   total 71680K, used 56826K [0x0000000700000000, 0x0000000800000000)
  region size 1024K, 21 young (21504K), 2 survivors (2048K)
 Metaspace       used 53364K, capacity 54832K, committed 55040K, reserved 1097728K
  class space    used 6247K, capacity 6784K, committed 6912K, reserved 1048576K
}
Event: 67.972 GC heap after
{Heap after GC invocations=38 (full 0):
 garbage-first heap   total 71680K, used 37466K [0x0000000700000000, 0x0000000800000000)
  region size 1024K, 2 young (2048K), 2 survivors (2048K)
 Metaspace       used 53364K, capacity 54832K, committed 55040K, reserved 1097728K
  class space    used 6247K, capacity 6784K, committed 6912K, reserved 1048576K
}
Event: 70.222 GC heap before
{Heap before GC invocations=38 (full 0):
 garbage-first heap   total 71680K, used 57946K [0x0000000700000000, 0x0000000800000000)
  region size 1024K, 22 young (22528K), 2 survivors (2048K)
 Metaspace       used 53369K, capacity 54832K, committed 55040K, reserved 1097728K
  class space    used 6247K, capacity 6784K, committed 6912K, reserved 1048576K
}
Event: 70.227 GC heap after
{Heap after GC invocations=39 (full 0):
 garbage-first heap   total 71680K, used 37261K [0x0000000700000000, 0x0000000800000000)
  region size 1024K, 2 young (2048K), 2 survivors (2048K)
 Metaspace       used 53369K, capacity 54832K, committed 55040K, reserved 1097728K
  class space    used 6247K, capacity 6784K, committed 6912K, reserved 1048576K
}
Event: 72.493 GC heap before
{Heap before GC invocations=40 (full 0):
 garbage-first heap   total 71680K, used 56717K [0x0000000700000000, 0x0000000800000000)
  region size 1024K, 22 young (22528K), 2 survivors (2048K)
 Metaspace       used 53372K, capacity 54832K, committed 55040K, reserved 1097728K
  class space    used 6247K, capacity 6784K, committed 6912K, reserved 1048576K
}
Event: 72.496 GC heap after
{Heap after GC invocations=41 (full 0):
 garbage-first heap   total 71680K, used 37400K [0x0000000700000000, 0x0000000800000000)
  region size 1024K, 2 young (2048K), 2 survivors (2048K)
 Metaspace       used 53372K, capacity 54832K, committed 55040K, reserved 1097728K
  class space    used 6247K, capacity 6784K, committed 6912K, reserved 1048576K
}
Event: 74.766 GC heap before
{Heap before GC invocations=41 (full 0):
 garbage-first heap   total 71680K, used 57880K [0x0000000700000000, 0x0000000800000000)
  region size 1024K, 22 young (22528K), 2 survivors (2048K)
 Metaspace       used 53393K, capacity 54837K, committed 55296K, reserved 1097728K
  class space    used 6247K, capacity 6784K, committed 6912K, reserved 1048576K
}
Event: 74.774 GC heap after
{Heap after GC invocations=42 (full 0):
 garbage-first heap   total 71680K, used 37507K [0x0000000700000000, 0x0000000800000000)
  region size 1024K, 2 young (2048K), 2 survivors (2048K)
 Metaspace       used 53393K, capacity 54837K, committed 55296K, reserved 1097728K
  class space    used 6247K, capacity 6784K, committed 6912K, reserved 1048576K
}
Event: 77.092 GC heap before
{Heap before GC invocations=43 (full 0):
 garbage-first heap   total 71680K, used 57987K [0x0000000700000000, 0x0000000800000000)
  region size 1024K, 22 young (22528K), 2 survivors (2048K)
 Metaspace       used 53402K, capacity 54837K, committed 55296K, reserved 1097728K
  class space    used 6247K, capacity 6784K, committed 6912K, reserved 1048576K
}
Event: 77.095 GC heap after
{Heap after GC invocations=44 (full 0):
 garbage-first heap   total 71680K, used 37615K [0x0000000700000000, 0x0000000800000000)
  region size 1024K, 2 young (2048K), 2 survivors (2048K)
 Metaspace       used 53402K, capacity 54837K, committed 55296K, reserved 1097728K
  class space    used 6247K, capacity 6784K, committed 6912K, reserved 1048576K
}
Event: 79.323 GC heap before
{Heap before GC invocations=44 (full 0):
 garbage-first heap   total 71680K, used 57071K [0x0000000700000000, 0x0000000800000000)
  region size 1024K, 22 young (22528K), 2 survivors (2048K)
 Metaspace       used 53424K, capacity 54902K, committed 55296K, reserved 1097728K
  class space    used 6247K, capacity 6784K, committed 6912K, reserved 1048576K
}
Event: 79.329 GC heap after
{Heap after GC invocations=45 (full 0):
 garbage-first heap   total 71680K, used 37485K [0x0000000700000000, 0x0000000800000000)
  region size 1024K, 2 young (2048K), 2 survivors (2048K)
 Metaspace       used 53424K, capacity 54902K, committed 55296K, reserved 1097728K
  class space    used 6247K, capacity 6784K, committed 6912K, reserved 1048576K
}
Event: 81.656 GC heap before
{Heap before GC invocations=46 (full 0):
 garbage-first heap   total 71680K, used 56941K [0x0000000700000000, 0x0000000800000000)
  region size 1024K, 22 young (22528K), 2 survivors (2048K)
 Metaspace       used 53426K, capacity 54902K, committed 55296K, reserved 1097728K
  class space    used 6247K, capacity 6784K, committed 6912K, reserved 1048576K
}
Event: 81.661 GC heap after
{Heap after GC invocations=47 (full 0):
 garbage-first heap   total 71680K, used 37814K [0x0000000700000000, 0x0000000800000000)
  region size 1024K, 2 young (2048K), 2 survivors (2048K)
 Metaspace       used 53426K, capacity 54902K, committed 55296K, reserved 1097728K
  class space    used 6247K, capacity 6784K, committed 6912K, reserved 1048576K
}
Event: 83.945 GC heap before
{Heap before GC invocations=47 (full 0):
 garbage-first heap   total 71680K, used 57270K [0x0000000700000000, 0x0000000800000000)
  region size 1024K, 22 young (22528K), 2 survivors (2048K)
 Metaspace       used 53449K, capacity 54908K, committed 55296K, reserved 1097728K
  class space    used 6248K, capacity 6786K, committed 6912K, reserved 1048576K
}
Event: 83.953 GC heap after
{Heap after GC invocations=48 (full 0):
 garbage-first heap   total 71680K, used 38012K [0x0000000700000000, 0x0000000800000000)
  region size 1024K, 2 young (2048K), 2 survivors (2048K)
 Metaspace       used 53449K, capacity 54908K, committed 55296K, reserved 1097728K
  class space    used 6248K, capacity 6786K, committed 6912K, reserved 1048576K
}
Event: 86.255 GC heap before
{Heap before GC invocations=49 (full 0):
 garbage-first heap   total 71680K, used 58492K [0x0000000700000000, 0x0000000800000000)
  region size 1024K, 22 young (22528K), 2 survivors (2048K)
 Metaspace       used 53449K, capacity 54908K, committed 55296K, reserved 1097728K
  class space    used 6248K, capacity 6786K, committed 6912K, reserved 1048576K
}

