# JRE version: OpenJDK Runtime Environment (14.0) (build 14-internal+0-adhoc.jigga.loom)
# Java VM: OpenJDK 64-Bit Server VM (14-internal+0-adhoc.jigga.loom, mixed mode, sharing, tiered, compressed oops, g1 gc, bsd-amd64)
Heap:
 garbage-first heap   total 78848K, used 38509K [0x0000000700000000, 0x0000000800000000)
  region size 1024K, 2 young (2048K), 1 survivors (1024K)
 Metaspace       used 52137K, capacity 53356K, committed 53632K, reserved 1095680K
  class space    used 6161K, capacity 6633K, committed 6784K, reserved 1048576K
GC Heap History (20 events):
Event: 16.866 GC heap after
{Heap after GC invocations=13 (full 0):
 garbage-first heap   total 78848K, used 33815K [0x0000000700000000, 0x0000000800000000)
  region size 1024K, 4 young (4096K), 4 survivors (4096K)
 Metaspace       used 51060K, capacity 52317K, committed 52608K, reserved 1095680K
  class space    used 6156K, capacity 6632K, committed 6784K, reserved 1048576K
}
Event: 20.233 GC heap before
{Heap before GC invocations=13 (full 0):
 garbage-first heap   total 78848K, used 57367K [0x0000000700000000, 0x0000000800000000)
  region size 1024K, 27 young (27648K), 4 survivors (4096K)
 Metaspace       used 51809K, capacity 53090K, committed 53376K, reserved 1095680K
  class space    used 6157K, capacity 6632K, committed 6784K, reserved 1048576K
}
Event: 20.235 GC heap after
{Heap after GC invocations=14 (full 0):
 garbage-first heap   total 78848K, used 34783K [0x0000000700000000, 0x0000000800000000)
  region size 1024K, 2 young (2048K), 2 survivors (2048K)
 Metaspace       used 51809K, capacity 53090K, committed 53376K, reserved 1095680K
  class space    used 6157K, capacity 6632K, committed 6784K, reserved 1048576K
}
Event: 23.602 GC heap before
{Heap before GC invocations=14 (full 0):
 garbage-first heap   total 78848K, used 57311K [0x0000000700000000, 0x0000000800000000)
  region size 1024K, 25 young (25600K), 2 survivors (2048K)
 Metaspace       used 51884K, capacity 53154K, committed 53376K, reserved 1095680K
  class space    used 6157K, capacity 6632K, committed 6784K, reserved 1048576K
}
Event: 23.604 GC heap after
{Heap after GC invocations=15 (full 0):
 garbage-first heap   total 78848K, used 34657K [0x0000000700000000, 0x0000000800000000)
  region size 1024K, 2 young (2048K), 2 survivors (2048K)
 Metaspace       used 51884K, capacity 53154K, committed 53376K, reserved 1095680K
  class space    used 6157K, capacity 6632K, committed 6784K, reserved 1048576K
}
Event: 27.037 GC heap before
{Heap before GC invocations=16 (full 0):
 garbage-first heap   total 78848K, used 59233K [0x0000000700000000, 0x0000000800000000)
  region size 1024K, 26 young (26624K), 2 survivors (2048K)
 Metaspace       used 51895K, capacity 53130K, committed 53376K, reserved 1095680K
  class space    used 6152K, capacity 6624K, committed 6784K, reserved 1048576K
}
Event: 27.039 GC heap after
{Heap after GC invocations=17 (full 0):
 garbage-first heap   total 78848K, used 34618K [0x0000000700000000, 0x0000000800000000)
  region size 1024K, 2 young (2048K), 2 survivors (2048K)
 Metaspace       used 51895K, capacity 53130K, committed 53376K, reserved 1095680K
  class space    used 6152K, capacity 6624K, committed 6784K, reserved 1048576K
}
Event: 30.601 GC heap before
{Heap before GC invocations=17 (full 0):
 garbage-first heap   total 78848K, used 60218K [0x0000000700000000, 0x0000000800000000)
  region size 1024K, 27 young (27648K), 2 survivors (2048K)
 Metaspace       used 51925K, capacity 53196K, committed 53632K, reserved 1095680K
  class space    used 6152K, capacity 6624K, committed 6784K, reserved 1048576K
}
Event: 30.603 GC heap after
{Heap after GC invocations=18 (full 0):
 garbage-first heap   total 78848K, used 34814K [0x0000000700000000, 0x0000000800000000)
  region size 1024K, 2 young (2048K), 2 survivors (2048K)
 Metaspace       used 51925K, capacity 53196K, committed 53632K, reserved 1095680K
  class space    used 6152K, capacity 6624K, committed 6784K, reserved 1048576K
}
Event: 34.116 GC heap before
{Heap before GC invocations=19 (full 0):
 garbage-first heap   total 78848K, used 60414K [0x0000000700000000, 0x0000000800000000)
  region size 1024K, 27 young (27648K), 2 survivors (2048K)
 Metaspace       used 51983K, capacity 53200K, committed 53632K, reserved 1095680K
  class space    used 6156K, capacity 6625K, committed 6784K, reserved 1048576K
}
Event: 34.117 GC heap after
{Heap after GC invocations=20 (full 0):
 garbage-first heap   total 78848K, used 34967K [0x0000000700000000, 0x0000000800000000)
  region size 1024K, 2 young (2048K), 2 survivors (2048K)
 Metaspace       used 51983K, capacity 53200K, committed 53632K, reserved 1095680K
  class space    used 6156K, capacity 6625K, committed 6784K, reserved 1048576K
}
Event: 37.935 GC heap before
{Heap before GC invocations=20 (full 0):
 garbage-first heap   total 78848K, used 60567K [0x0000000700000000, 0x0000000800000000)
  region size 1024K, 28 young (28672K), 2 survivors (2048K)
 Metaspace       used 51990K, capacity 53200K, committed 53632K, reserved 1095680K
  class space    used 6156K, capacity 6625K, committed 6784K, reserved 1048576K
}
Event: 37.938 GC heap after
{Heap after GC invocations=21 (full 0):
 garbage-first heap   total 78848K, used 35270K [0x0000000700000000, 0x0000000800000000)
  region size 1024K, 3 young (3072K), 3 survivors (3072K)
 Metaspace       used 51990K, capacity 53200K, committed 53632K, reserved 1095680K
  class space    used 6156K, capacity 6625K, committed 6784K, reserved 1048576K
}
Event: 41.482 GC heap before
{Heap before GC invocations=22 (full 0):
 garbage-first heap   total 78848K, used 59846K [0x0000000700000000, 0x0000000800000000)
  region size 1024K, 28 young (28672K), 3 survivors (3072K)
 Metaspace       used 51990K, capacity 53200K, committed 53632K, reserved 1095680K
  class space    used 6156K, capacity 6625K, committed 6784K, reserved 1048576K
}
Event: 41.483 GC heap after
{Heap after GC invocations=23 (full 0):
 garbage-first heap   total 78848K, used 35826K [0x0000000700000000, 0x0000000800000000)
  region size 1024K, 3 young (3072K), 3 survivors (3072K)
 Metaspace       used 51990K, capacity 53200K, committed 53632K, reserved 1095680K
  class space    used 6156K, capacity 6625K, committed 6784K, reserved 1048576K
}
Event: 363.650 GC heap before
{Heap before GC invocations=23 (full 0):
 garbage-first heap   total 78848K, used 61426K [0x0000000700000000, 0x0000000800000000)
  region size 1024K, 28 young (28672K), 3 survivors (3072K)
 Metaspace       used 52137K, capacity 53356K, committed 53632K, reserved 1095680K
  class space    used 6161K, capacity 6633K, committed 6784K, reserved 1048576K
}
Event: 363.654 GC heap after
{Heap after GC invocations=24 (full 0):
 garbage-first heap   total 78848K, used 37424K [0x0000000700000000, 0x0000000800000000)
  region size 1024K, 4 young (4096K), 4 survivors (4096K)
 Metaspace       used 52137K, capacity 53356K, committed 53632K, reserved 1095680K
  class space    used 6161K, capacity 6633K, committed 6784K, reserved 1048576K
}
Event: 367.007 GC heap before
{Heap before GC invocations=25 (full 0):
 garbage-first heap   total 78848K, used 60976K [0x0000000700000000, 0x0000000800000000)
  region size 1024K, 27 young (27648K), 4 survivors (4096K)
 Metaspace       used 52137K, capacity 53356K, committed 53632K, reserved 1095680K
  class space    used 6161K, capacity 6633K, committed 6784K, reserved 1048576K
}
Event: 367.010 GC heap after
{Heap after GC invocations=26 (full 0):
 garbage-first heap   total 78848K, used 37488K [0x0000000700000000, 0x0000000800000000)
  region size 1024K, 2 young (2048K), 2 survivors (2048K)
 Metaspace       used 52137K, capacity 53356K, committed 53632K, reserved 1095680K
  class space    used 6161K, capacity 6633K, committed 6784K, reserved 1048576K
}
Event: 367.157 GC heap before
{Heap before GC invocations=26 (full 0):
 garbage-first heap   total 78848K, used 37488K [0x0000000700000000, 0x0000000800000000)
  region size 1024K, 3 young (3072K), 2 survivors (2048K)
 Metaspace       used 52137K, capacity 53356K, committed 53632K, reserved 1095680K
  class space    used 6161K, capacity 6633K, committed 6784K, reserved 1048576K
}

