# JRE version: OpenJDK Runtime Environment (14.0) (build 14-internal+0-adhoc.jigga.loom)
# Java VM: OpenJDK 64-Bit Server VM (14-internal+0-adhoc.jigga.loom, mixed mode, sharing, tiered, compressed oops, g1 gc, bsd-amd64)
Heap:
 garbage-first heap   total 124928K, used 87932K [0x0000000700000000, 0x0000000800000000)
  region size 1024K, 12 young (12288K), 1 survivors (1024K)
 Metaspace       used 51022K, capacity 52242K, committed 52480K, reserved 1095680K
  class space    used 6064K, capacity 6533K, committed 6656K, reserved 1048576K
GC Heap History (20 events):
Event: 4.051 GC heap after
{Heap after GC invocations=10 (full 0):
 garbage-first heap   total 71680K, used 23838K [0x0000000700000000, 0x0000000800000000)
  region size 1024K, 3 young (3072K), 3 survivors (3072K)
 Metaspace       used 42538K, capacity 43643K, committed 43776K, reserved 1087488K
  class space    used 5156K, capacity 5557K, committed 5632K, reserved 1048576K
}
Event: 4.595 GC heap before
{Heap before GC invocations=10 (full 0):
 garbage-first heap   total 71680K, used 52510K [0x0000000700000000, 0x0000000800000000)
  region size 1024K, 31 young (31744K), 3 survivors (3072K)
 Metaspace       used 46331K, capacity 47412K, committed 47616K, reserved 1091584K
  class space    used 5688K, capacity 6084K, committed 6144K, reserved 1048576K
}
Event: 4.599 GC heap after
{Heap after GC invocations=11 (full 0):
 garbage-first heap   total 71680K, used 25210K [0x0000000700000000, 0x0000000800000000)
  region size 1024K, 2 young (2048K), 2 survivors (2048K)
 Metaspace       used 46331K, capacity 47412K, committed 47616K, reserved 1091584K
  class space    used 5688K, capacity 6084K, committed 6144K, reserved 1048576K
}
Event: 28.180 GC heap before
{Heap before GC invocations=11 (full 0):
 garbage-first heap   total 71680K, used 52858K [0x0000000700000000, 0x0000000800000000)
  region size 1024K, 30 young (30720K), 2 survivors (2048K)
 Metaspace       used 49845K, capacity 51039K, committed 51200K, reserved 1093632K
  class space    used 6064K, capacity 6533K, committed 6656K, reserved 1048576K
}
Event: 28.191 GC heap after
{Heap after GC invocations=12 (full 0):
 garbage-first heap   total 71680K, used 38064K [0x0000000700000000, 0x0000000800000000)
  region size 1024K, 4 young (4096K), 4 survivors (4096K)
 Metaspace       used 49845K, capacity 51039K, committed 51200K, reserved 1093632K
  class space    used 6064K, capacity 6533K, committed 6656K, reserved 1048576K
}
Event: 28.746 GC heap before
{Heap before GC invocations=12 (full 0):
 garbage-first heap   total 71680K, used 49328K [0x0000000700000000, 0x0000000800000000)
  region size 1024K, 16 young (16384K), 4 survivors (4096K)
 Metaspace       used 50048K, capacity 51299K, committed 51712K, reserved 1093632K
  class space    used 6064K, capacity 6533K, committed 6656K, reserved 1048576K
}
Event: 28.762 GC heap after
{Heap after GC invocations=13 (full 0):
 garbage-first heap   total 71680K, used 47412K [0x0000000700000000, 0x0000000800000000)
  region size 1024K, 2 young (2048K), 2 survivors (2048K)
 Metaspace       used 50048K, capacity 51299K, committed 51712K, reserved 1093632K
  class space    used 6064K, capacity 6533K, committed 6656K, reserved 1048576K
}
Event: 28.964 GC heap before
{Heap before GC invocations=14 (full 0):
 garbage-first heap   total 87040K, used 52532K [0x0000000700000000, 0x0000000800000000)
  region size 1024K, 8 young (8192K), 2 survivors (2048K)
 Metaspace       used 50131K, capacity 51366K, committed 51712K, reserved 1093632K
  class space    used 6064K, capacity 6533K, committed 6656K, reserved 1048576K
}
Event: 28.975 GC heap after
{Heap after GC invocations=15 (full 0):
 garbage-first heap   total 87040K, used 52598K [0x0000000700000000, 0x0000000800000000)
  region size 1024K, 1 young (1024K), 1 survivors (1024K)
 Metaspace       used 50131K, capacity 51366K, committed 51712K, reserved 1093632K
  class space    used 6064K, capacity 6533K, committed 6656K, reserved 1048576K
}
Event: 29.313 GC heap before
{Heap before GC invocations=15 (full 0):
 garbage-first heap   total 87040K, used 59766K [0x0000000700000000, 0x0000000800000000)
  region size 1024K, 9 young (9216K), 1 survivors (1024K)
 Metaspace       used 50275K, capacity 51438K, committed 51712K, reserved 1093632K
  class space    used 6064K, capacity 6533K, committed 6656K, reserved 1048576K
}
Event: 29.323 GC heap after
{Heap after GC invocations=16 (full 0):
 garbage-first heap   total 87040K, used 58853K [0x0000000700000000, 0x0000000800000000)
  region size 1024K, 2 young (2048K), 2 survivors (2048K)
 Metaspace       used 50275K, capacity 51438K, committed 51712K, reserved 1093632K
  class space    used 6064K, capacity 6533K, committed 6656K, reserved 1048576K
}
Event: 29.573 GC heap before
{Heap before GC invocations=17 (full 0):
 garbage-first heap   total 106496K, used 63973K [0x0000000700000000, 0x0000000800000000)
  region size 1024K, 8 young (8192K), 2 survivors (2048K)
 Metaspace       used 50375K, capacity 51635K, committed 51968K, reserved 1095680K
  class space    used 6064K, capacity 6533K, committed 6656K, reserved 1048576K
}
Event: 29.577 GC heap after
{Heap after GC invocations=18 (full 0):
 garbage-first heap   total 106496K, used 63559K [0x0000000700000000, 0x0000000800000000)
  region size 1024K, 1 young (1024K), 1 survivors (1024K)
 Metaspace       used 50375K, capacity 51635K, committed 51968K, reserved 1095680K
  class space    used 6064K, capacity 6533K, committed 6656K, reserved 1048576K
}
Event: 29.667 GC heap before
{Heap before GC invocations=18 (full 0):
 garbage-first heap   total 106496K, used 66631K [0x0000000700000000, 0x0000000800000000)
  region size 1024K, 5 young (5120K), 1 survivors (1024K)
 Metaspace       used 50455K, capacity 51765K, committed 52224K, reserved 1095680K
  class space    used 6064K, capacity 6533K, committed 6656K, reserved 1048576K
}
Event: 29.674 GC heap after
{Heap after GC invocations=19 (full 0):
 garbage-first heap   total 106496K, used 62921K [0x0000000700000000, 0x0000000800000000)
  region size 1024K, 1 young (1024K), 1 survivors (1024K)
 Metaspace       used 50455K, capacity 51765K, committed 52224K, reserved 1095680K
  class space    used 6064K, capacity 6533K, committed 6656K, reserved 1048576K
}
Event: 29.991 GC heap before
{Heap before GC invocations=19 (full 0):
 garbage-first heap   total 106496K, used 73161K [0x0000000700000000, 0x0000000800000000)
  region size 1024K, 11 young (11264K), 1 survivors (1024K)
 Metaspace       used 50635K, capacity 51902K, committed 52224K, reserved 1095680K
  class space    used 6064K, capacity 6533K, committed 6656K, reserved 1048576K
}
Event: 30.006 GC heap after
{Heap after GC invocations=20 (full 0):
 garbage-first heap   total 106496K, used 70708K [0x0000000700000000, 0x0000000800000000)
  region size 1024K, 2 young (2048K), 2 survivors (2048K)
 Metaspace       used 50635K, capacity 51902K, committed 52224K, reserved 1095680K
  class space    used 6064K, capacity 6533K, committed 6656K, reserved 1048576K
}
Event: 30.360 GC heap before
{Heap before GC invocations=21 (full 0):
 garbage-first heap   total 124928K, used 76852K [0x0000000700000000, 0x0000000800000000)
  region size 1024K, 9 young (9216K), 2 survivors (2048K)
 Metaspace       used 50704K, capacity 51903K, committed 52224K, reserved 1095680K
  class space    used 6064K, capacity 6533K, committed 6656K, reserved 1048576K
}
Event: 30.367 GC heap after
{Heap after GC invocations=22 (full 0):
 garbage-first heap   total 124928K, used 76675K [0x0000000700000000, 0x0000000800000000)
  region size 1024K, 2 young (2048K), 2 survivors (2048K)
 Metaspace       used 50704K, capacity 51903K, committed 52224K, reserved 1095680K
  class space    used 6064K, capacity 6533K, committed 6656K, reserved 1048576K
}
Event: 30.726 GC heap before
{Heap before GC invocations=22 (full 0):
 garbage-first heap   total 124928K, used 86915K [0x0000000700000000, 0x0000000800000000)
  region size 1024K, 13 young (13312K), 2 survivors (2048K)
 Metaspace       used 51022K, capacity 52242K, committed 52480K, reserved 1095680K
  class space    used 6064K, capacity 6533K, committed 6656K, reserved 1048576K
}

