# JRE version: OpenJDK Runtime Environment (14.0) (build 14-internal+0-adhoc.jigga.loom)
# Java VM: OpenJDK 64-Bit Server VM (14-internal+0-adhoc.jigga.loom, mixed mode, sharing, tiered, compressed oops, g1 gc, bsd-amd64)
Heap:
 garbage-first heap   total 71680K, used 57351K [0x0000000700000000, 0x0000000800000000)
  region size 1024K, 21 young (21504K), 1 survivors (1024K)
 Metaspace       used 53638K, capacity 55045K, committed 55296K, reserved 1097728K
  class space    used 6260K, capacity 6790K, committed 6912K, reserved 1048576K
GC Heap History (20 events):
Event: 75.935 GC heap after
{Heap after GC invocations=43 (full 0):
 garbage-first heap   total 71680K, used 38269K [0x0000000700000000, 0x0000000800000000)
  region size 1024K, 2 young (2048K), 2 survivors (2048K)
 Metaspace       used 53547K, capacity 54971K, committed 55296K, reserved 1097728K
  class space    used 6257K, capacity 6787K, committed 6912K, reserved 1048576K
}
Event: 78.203 GC heap before
{Heap before GC invocations=43 (full 0):
 garbage-first heap   total 71680K, used 58749K [0x0000000700000000, 0x0000000800000000)
  region size 1024K, 22 young (22528K), 2 survivors (2048K)
 Metaspace       used 53554K, capacity 54971K, committed 55296K, reserved 1097728K
  class space    used 6257K, capacity 6787K, committed 6912K, reserved 1048576K
}
Event: 78.207 GC heap after
{Heap after GC invocations=44 (full 0):
 garbage-first heap   total 71680K, used 38159K [0x0000000700000000, 0x0000000800000000)
  region size 1024K, 2 young (2048K), 2 survivors (2048K)
 Metaspace       used 53554K, capacity 54971K, committed 55296K, reserved 1097728K
  class space    used 6257K, capacity 6787K, committed 6912K, reserved 1048576K
}
Event: 80.332 GC heap before
{Heap before GC invocations=45 (full 0):
 garbage-first heap   total 71680K, used 57615K [0x0000000700000000, 0x0000000800000000)
  region size 1024K, 21 young (21504K), 2 survivors (2048K)
 Metaspace       used 53588K, capacity 54972K, committed 55296K, reserved 1097728K
  class space    used 6257K, capacity 6787K, committed 6912K, reserved 1048576K
}
Event: 80.336 GC heap after
{Heap after GC invocations=46 (full 0):
 garbage-first heap   total 71680K, used 37927K [0x0000000700000000, 0x0000000800000000)
  region size 1024K, 2 young (2048K), 2 survivors (2048K)
 Metaspace       used 53588K, capacity 54972K, committed 55296K, reserved 1097728K
  class space    used 6257K, capacity 6787K, committed 6912K, reserved 1048576K
}
Event: 82.556 GC heap before
{Heap before GC invocations=46 (full 0):
 garbage-first heap   total 71680K, used 56359K [0x0000000700000000, 0x0000000800000000)
  region size 1024K, 21 young (21504K), 2 survivors (2048K)
 Metaspace       used 53599K, capacity 54972K, committed 55296K, reserved 1097728K
  class space    used 6257K, capacity 6787K, committed 6912K, reserved 1048576K
}
Event: 82.567 GC heap after
{Heap after GC invocations=47 (full 0):
 garbage-first heap   total 71680K, used 38120K [0x0000000700000000, 0x0000000800000000)
  region size 1024K, 2 young (2048K), 2 survivors (2048K)
 Metaspace       used 53599K, capacity 54972K, committed 55296K, reserved 1097728K
  class space    used 6257K, capacity 6787K, committed 6912K, reserved 1048576K
}
Event: 84.753 GC heap before
{Heap before GC invocations=48 (full 0):
 garbage-first heap   total 71680K, used 57576K [0x0000000700000000, 0x0000000800000000)
  region size 1024K, 21 young (21504K), 2 survivors (2048K)
 Metaspace       used 53600K, capacity 54972K, committed 55296K, reserved 1097728K
  class space    used 6257K, capacity 6787K, committed 6912K, reserved 1048576K
}
Event: 84.759 GC heap after
{Heap after GC invocations=49 (full 0):
 garbage-first heap   total 71680K, used 38199K [0x0000000700000000, 0x0000000800000000)
  region size 1024K, 2 young (2048K), 2 survivors (2048K)
 Metaspace       used 53600K, capacity 54972K, committed 55296K, reserved 1097728K
  class space    used 6257K, capacity 6787K, committed 6912K, reserved 1048576K
}
Event: 86.912 GC heap before
{Heap before GC invocations=49 (full 0):
 garbage-first heap   total 71680K, used 56631K [0x0000000700000000, 0x0000000800000000)
  region size 1024K, 21 young (21504K), 2 survivors (2048K)
 Metaspace       used 53600K, capacity 54972K, committed 55296K, reserved 1097728K
  class space    used 6257K, capacity 6787K, committed 6912K, reserved 1048576K
}
Event: 86.921 GC heap after
{Heap after GC invocations=50 (full 0):
 garbage-first heap   total 71680K, used 38017K [0x0000000700000000, 0x0000000800000000)
  region size 1024K, 2 young (2048K), 2 survivors (2048K)
 Metaspace       used 53600K, capacity 54972K, committed 55296K, reserved 1097728K
  class space    used 6257K, capacity 6787K, committed 6912K, reserved 1048576K
}
Event: 89.252 GC heap before
{Heap before GC invocations=51 (full 0):
 garbage-first heap   total 71680K, used 58497K [0x0000000700000000, 0x0000000800000000)
  region size 1024K, 22 young (22528K), 2 survivors (2048K)
 Metaspace       used 53609K, capacity 55036K, committed 55296K, reserved 1097728K
  class space    used 6257K, capacity 6787K, committed 6912K, reserved 1048576K
}
Event: 89.259 GC heap after
{Heap after GC invocations=52 (full 0):
 garbage-first heap   total 71680K, used 38423K [0x0000000700000000, 0x0000000800000000)
  region size 1024K, 2 young (2048K), 2 survivors (2048K)
 Metaspace       used 53609K, capacity 55036K, committed 55296K, reserved 1097728K
  class space    used 6257K, capacity 6787K, committed 6912K, reserved 1048576K
}
Event: 91.461 GC heap before
{Heap before GC invocations=52 (full 0):
 garbage-first heap   total 71680K, used 58903K [0x0000000700000000, 0x0000000800000000)
  region size 1024K, 22 young (22528K), 2 survivors (2048K)
 Metaspace       used 53619K, capacity 55045K, committed 55296K, reserved 1097728K
  class space    used 6260K, capacity 6790K, committed 6912K, reserved 1048576K
}
Event: 91.469 GC heap after
{Heap after GC invocations=53 (full 0):
 garbage-first heap   total 71680K, used 38707K [0x0000000700000000, 0x0000000800000000)
  region size 1024K, 2 young (2048K), 2 survivors (2048K)
 Metaspace       used 53619K, capacity 55045K, committed 55296K, reserved 1097728K
  class space    used 6260K, capacity 6790K, committed 6912K, reserved 1048576K
}
Event: 93.629 GC heap before
{Heap before GC invocations=54 (full 0):
 garbage-first heap   total 71680K, used 58163K [0x0000000700000000, 0x0000000800000000)
  region size 1024K, 21 young (21504K), 2 survivors (2048K)
 Metaspace       used 53621K, capacity 55045K, committed 55296K, reserved 1097728K
  class space    used 6260K, capacity 6790K, committed 6912K, reserved 1048576K
}
Event: 93.635 GC heap after
{Heap after GC invocations=55 (full 0):
 garbage-first heap   total 71680K, used 39129K [0x0000000700000000, 0x0000000800000000)
  region size 1024K, 2 young (2048K), 2 survivors (2048K)
 Metaspace       used 53621K, capacity 55045K, committed 55296K, reserved 1097728K
  class space    used 6260K, capacity 6790K, committed 6912K, reserved 1048576K
}
Event: 93.754 GC heap before
{Heap before GC invocations=55 (full 0):
 garbage-first heap   total 71680K, used 40153K [0x0000000700000000, 0x0000000800000000)
  region size 1024K, 3 young (3072K), 2 survivors (2048K)
 Metaspace       used 53622K, capacity 55045K, committed 55296K, reserved 1097728K
  class space    used 6260K, capacity 6790K, committed 6912K, reserved 1048576K
}
Event: 93.769 GC heap after
{Heap after GC invocations=56 (full 0):
 garbage-first heap   total 71680K, used 36871K [0x0000000700000000, 0x0000000800000000)
  region size 1024K, 1 young (1024K), 1 survivors (1024K)
 Metaspace       used 53622K, capacity 55045K, committed 55296K, reserved 1097728K
  class space    used 6260K, capacity 6790K, committed 6912K, reserved 1048576K
}
Event: 96.031 GC heap before
{Heap before GC invocations=56 (full 0):
 garbage-first heap   total 71680K, used 57351K [0x0000000700000000, 0x0000000800000000)
  region size 1024K, 21 young (21504K), 1 survivors (1024K)
 Metaspace       used 53638K, capacity 55045K, committed 55296K, reserved 1097728K
  class space    used 6260K, capacity 6790K, committed 6912K, reserved 1048576K
}

