# JRE version: OpenJDK Runtime Environment (14.0) (build 14-internal+0-adhoc.jigga.loom)
# Java VM: OpenJDK 64-Bit Server VM (14-internal+0-adhoc.jigga.loom, mixed mode, sharing, tiered, compressed oops, g1 gc, bsd-amd64)
Heap:
 garbage-first heap   total 137216K, used 97100K [0x0000000700000000, 0x0000000800000000)
  region size 1024K, 14 young (14336K), 1 survivors (1024K)
 Metaspace       used 51259K, capacity 52470K, committed 52736K, reserved 1095680K
  class space    used 6067K, capacity 6534K, committed 6656K, reserved 1048576K
GC Heap History (20 events):
Event: 2.143 GC heap after
{Heap after GC invocations=7 (full 0):
 garbage-first heap   total 155648K, used 15498K [0x0000000700000000, 0x0000000800000000)
  region size 1024K, 3 young (3072K), 3 survivors (3072K)
 Metaspace       used 28480K, capacity 29289K, committed 29440K, reserved 1075200K
  class space    used 3507K, capacity 3804K, committed 3840K, reserved 1048576K
}
Event: 2.828 GC heap before
{Heap before GC invocations=7 (full 0):
 garbage-first heap   total 155648K, used 68746K [0x0000000700000000, 0x0000000800000000)
  region size 1024K, 55 young (56320K), 3 survivors (3072K)
 Metaspace       used 34822K, capacity 35642K, committed 35840K, reserved 1081344K
  class space    used 4180K, capacity 4507K, committed 4608K, reserved 1048576K
}
Event: 2.836 GC heap after
{Heap after GC invocations=8 (full 0):
 garbage-first heap   total 155648K, used 18945K [0x0000000700000000, 0x0000000800000000)
  region size 1024K, 6 young (6144K), 6 survivors (6144K)
 Metaspace       used 34822K, capacity 35642K, committed 35840K, reserved 1081344K
  class space    used 4180K, capacity 4507K, committed 4608K, reserved 1048576K
}
Event: 3.545 GC heap before
{Heap before GC invocations=9 (full 0):
 garbage-first heap   total 75776K, used 57857K [0x0000000700000000, 0x0000000800000000)
  region size 1024K, 44 young (45056K), 6 survivors (6144K)
 Metaspace       used 39262K, capacity 40334K, committed 40576K, reserved 1085440K
  class space    used 4713K, capacity 5104K, committed 5248K, reserved 1048576K
}
Event: 3.552 GC heap after
{Heap after GC invocations=10 (full 0):
 garbage-first heap   total 75776K, used 21610K [0x0000000700000000, 0x0000000800000000)
  region size 1024K, 3 young (3072K), 3 survivors (3072K)
 Metaspace       used 39262K, capacity 40334K, committed 40576K, reserved 1085440K
  class space    used 4713K, capacity 5104K, committed 5248K, reserved 1048576K
}
Event: 4.008 GC heap before
{Heap before GC invocations=10 (full 0):
 garbage-first heap   total 75776K, used 53354K [0x0000000700000000, 0x0000000800000000)
  region size 1024K, 34 young (34816K), 3 survivors (3072K)
 Metaspace       used 43359K, capacity 44419K, committed 44672K, reserved 1087488K
  class space    used 5281K, capacity 5688K, committed 5760K, reserved 1048576K
}
Event: 4.013 GC heap after
{Heap after GC invocations=11 (full 0):
 garbage-first heap   total 75776K, used 23867K [0x0000000700000000, 0x0000000800000000)
  region size 1024K, 5 young (5120K), 5 survivors (5120K)
 Metaspace       used 43359K, capacity 44419K, committed 44672K, reserved 1087488K
  class space    used 5281K, capacity 5688K, committed 5760K, reserved 1048576K
}
Event: 42.422 GC heap before
{Heap before GC invocations=11 (full 0):
 garbage-first heap   total 75776K, used 54587K [0x0000000700000000, 0x0000000800000000)
  region size 1024K, 35 young (35840K), 5 survivors (5120K)
 Metaspace       used 47769K, capacity 48873K, committed 49024K, reserved 1091584K
  class space    used 5847K, capacity 6244K, committed 6272K, reserved 1048576K
}
Event: 42.427 GC heap after
{Heap after GC invocations=12 (full 0):
 garbage-first heap   total 91136K, used 24959K [0x0000000700000000, 0x0000000800000000)
  region size 1024K, 5 young (5120K), 5 survivors (5120K)
 Metaspace       used 47769K, capacity 48873K, committed 49024K, reserved 1091584K
  class space    used 5847K, capacity 6244K, committed 6272K, reserved 1048576K
}
Event: 54.426 GC heap before
{Heap before GC invocations=12 (full 0):
 garbage-first heap   total 91136K, used 61823K [0x0000000700000000, 0x0000000800000000)
  region size 1024K, 42 young (43008K), 5 survivors (5120K)
 Metaspace       used 50123K, capacity 51368K, committed 51712K, reserved 1093632K
  class space    used 6065K, capacity 6535K, committed 6656K, reserved 1048576K
}
Event: 54.452 GC heap after
{Heap after GC invocations=13 (full 0):
 garbage-first heap   total 94208K, used 48367K [0x0000000700000000, 0x0000000800000000)
  region size 1024K, 6 young (6144K), 6 survivors (6144K)
 Metaspace       used 50123K, capacity 51368K, committed 51712K, reserved 1093632K
  class space    used 6065K, capacity 6535K, committed 6656K, reserved 1048576K
}
Event: 55.189 GC heap before
{Heap before GC invocations=13 (full 0):
 garbage-first heap   total 94208K, used 64751K [0x0000000700000000, 0x0000000800000000)
  region size 1024K, 23 young (23552K), 6 survivors (6144K)
 Metaspace       used 50440K, capacity 51700K, committed 51968K, reserved 1095680K
  class space    used 6065K, capacity 6535K, committed 6656K, reserved 1048576K
}
Event: 55.204 GC heap after
{Heap after GC invocations=14 (full 0):
 garbage-first heap   total 94208K, used 61669K [0x0000000700000000, 0x0000000800000000)
  region size 1024K, 3 young (3072K), 3 survivors (3072K)
 Metaspace       used 50440K, capacity 51700K, committed 51968K, reserved 1095680K
  class space    used 6065K, capacity 6535K, committed 6656K, reserved 1048576K
}
Event: 55.665 GC heap before
{Heap before GC invocations=15 (full 0):
 garbage-first heap   total 111616K, used 68837K [0x0000000700000000, 0x0000000800000000)
  region size 1024K, 11 young (11264K), 3 survivors (3072K)
 Metaspace       used 50554K, capacity 51833K, committed 52224K, reserved 1095680K
  class space    used 6065K, capacity 6534K, committed 6656K, reserved 1048576K
}
Event: 55.670 GC heap after
{Heap after GC invocations=16 (full 0):
 garbage-first heap   total 111616K, used 67890K [0x0000000700000000, 0x0000000800000000)
  region size 1024K, 2 young (2048K), 2 survivors (2048K)
 Metaspace       used 50554K, capacity 51833K, committed 52224K, reserved 1095680K
  class space    used 6065K, capacity 6534K, committed 6656K, reserved 1048576K
}
Event: 56.145 GC heap before
{Heap before GC invocations=16 (full 0):
 garbage-first heap   total 111616K, used 79154K [0x0000000700000000, 0x0000000800000000)
  region size 1024K, 14 young (14336K), 2 survivors (2048K)
 Metaspace       used 50722K, capacity 51967K, committed 52224K, reserved 1095680K
  class space    used 6066K, capacity 6534K, committed 6656K, reserved 1048576K
}
Event: 56.150 GC heap after
{Heap after GC invocations=17 (full 0):
 garbage-first heap   total 111616K, used 77105K [0x0000000700000000, 0x0000000800000000)
  region size 1024K, 2 young (2048K), 2 survivors (2048K)
 Metaspace       used 50722K, capacity 51967K, committed 52224K, reserved 1095680K
  class space    used 6066K, capacity 6534K, committed 6656K, reserved 1048576K
}
Event: 56.409 GC heap before
{Heap before GC invocations=18 (full 0):
 garbage-first heap   total 137216K, used 84273K [0x0000000700000000, 0x0000000800000000)
  region size 1024K, 10 young (10240K), 2 survivors (2048K)
 Metaspace       used 51003K, capacity 52232K, committed 52480K, reserved 1095680K
  class space    used 6067K, capacity 6534K, committed 6656K, reserved 1048576K
}
Event: 56.414 GC heap after
{Heap after GC invocations=19 (full 0):
 garbage-first heap   total 137216K, used 83788K [0x0000000700000000, 0x0000000800000000)
  region size 1024K, 2 young (2048K), 2 survivors (2048K)
 Metaspace       used 51003K, capacity 52232K, committed 52480K, reserved 1095680K
  class space    used 6067K, capacity 6534K, committed 6656K, reserved 1048576K
}
Event: 56.841 GC heap before
{Heap before GC invocations=19 (full 0):
 garbage-first heap   total 137216K, used 96076K [0x0000000700000000, 0x0000000800000000)
  region size 1024K, 15 young (15360K), 2 survivors (2048K)
 Metaspace       used 51259K, capacity 52470K, committed 52736K, reserved 1095680K
  class space    used 6067K, capacity 6534K, committed 6656K, reserved 1048576K
}

