# JRE version: OpenJDK Runtime Environment (14.0) (build 14-internal+0-adhoc.jigga.loom)
# Java VM: OpenJDK 64-Bit Server VM (14-internal+0-adhoc.jigga.loom, mixed mode, sharing, tiered, compressed oops, g1 gc, bsd-amd64)
Heap:
 garbage-first heap   total 157696K, used 68851K [0x0000000700000000, 0x0000000800000000)
  region size 1024K, 7 young (7168K), 1 survivors (1024K)
 Metaspace       used 53409K, capacity 54843K, committed 55040K, reserved 1097728K
  class space    used 6258K, capacity 6788K, committed 6912K, reserved 1048576K
GC Heap History (20 events):
Event: 454.583 GC heap after
{Heap after GC invocations=57 (full 0):
 garbage-first heap   total 104448K, used 85367K [0x0000000700000000, 0x0000000800000000)
  region size 1024K, 1 young (1024K), 1 survivors (1024K)
 Metaspace       used 53408K, capacity 54843K, committed 55040K, reserved 1097728K
  class space    used 6257K, capacity 6788K, committed 6912K, reserved 1048576K
}
Event: 454.755 GC heap before
{Heap before GC invocations=57 (full 0):
 garbage-first heap   total 104448K, used 89463K [0x0000000700000000, 0x0000000800000000)
  region size 1024K, 5 young (5120K), 1 survivors (1024K)
 Metaspace       used 53408K, capacity 54843K, committed 55040K, reserved 1097728K
  class space    used 6257K, capacity 6788K, committed 6912K, reserved 1048576K
}
Event: 454.757 GC heap after
{Heap after GC invocations=58 (full 0):
 garbage-first heap   total 104448K, used 86406K [0x0000000700000000, 0x0000000800000000)
  region size 1024K, 1 young (1024K), 1 survivors (1024K)
 Metaspace       used 53408K, capacity 54843K, committed 55040K, reserved 1097728K
  class space    used 6257K, capacity 6788K, committed 6912K, reserved 1048576K
}
Event: 454.917 GC heap before
{Heap before GC invocations=58 (full 0):
 garbage-first heap   total 104448K, used 89478K [0x0000000700000000, 0x0000000800000000)
  region size 1024K, 5 young (5120K), 1 survivors (1024K)
 Metaspace       used 53408K, capacity 54843K, committed 55040K, reserved 1097728K
  class space    used 6257K, capacity 6788K, committed 6912K, reserved 1048576K
}
Event: 454.919 GC heap after
{Heap after GC invocations=59 (full 0):
 garbage-first heap   total 104448K, used 87467K [0x0000000700000000, 0x0000000800000000)
  region size 1024K, 1 young (1024K), 1 survivors (1024K)
 Metaspace       used 53408K, capacity 54843K, committed 55040K, reserved 1097728K
  class space    used 6257K, capacity 6788K, committed 6912K, reserved 1048576K
}
Event: 455.045 GC heap before
{Heap before GC invocations=59 (full 0):
 garbage-first heap   total 104448K, used 91563K [0x0000000700000000, 0x0000000800000000)
  region size 1024K, 5 young (5120K), 1 survivors (1024K)
 Metaspace       used 53408K, capacity 54843K, committed 55040K, reserved 1097728K
  class space    used 6258K, capacity 6788K, committed 6912K, reserved 1048576K
}
Event: 455.047 GC heap after
{Heap after GC invocations=60 (full 0):
 garbage-first heap   total 104448K, used 88280K [0x0000000700000000, 0x0000000800000000)
  region size 1024K, 1 young (1024K), 1 survivors (1024K)
 Metaspace       used 53408K, capacity 54843K, committed 55040K, reserved 1097728K
  class space    used 6258K, capacity 6788K, committed 6912K, reserved 1048576K
}
Event: 455.213 GC heap before
{Heap before GC invocations=60 (full 0):
 garbage-first heap   total 104448K, used 91352K [0x0000000700000000, 0x0000000800000000)
  region size 1024K, 5 young (5120K), 1 survivors (1024K)
 Metaspace       used 53408K, capacity 54843K, committed 55040K, reserved 1097728K
  class space    used 6258K, capacity 6788K, committed 6912K, reserved 1048576K
}
Event: 455.215 GC heap after
{Heap after GC invocations=61 (full 0):
 garbage-first heap   total 104448K, used 89258K [0x0000000700000000, 0x0000000800000000)
  region size 1024K, 1 young (1024K), 1 survivors (1024K)
 Metaspace       used 53408K, capacity 54843K, committed 55040K, reserved 1097728K
  class space    used 6258K, capacity 6788K, committed 6912K, reserved 1048576K
}
Event: 455.376 GC heap before
{Heap before GC invocations=61 (full 0):
 garbage-first heap   total 104448K, used 92330K [0x0000000700000000, 0x0000000800000000)
  region size 1024K, 5 young (5120K), 1 survivors (1024K)
 Metaspace       used 53408K, capacity 54843K, committed 55040K, reserved 1097728K
  class space    used 6258K, capacity 6788K, committed 6912K, reserved 1048576K
}
Event: 455.377 GC heap after
{Heap after GC invocations=62 (full 0):
 garbage-first heap   total 104448K, used 90269K [0x0000000700000000, 0x0000000800000000)
  region size 1024K, 1 young (1024K), 1 survivors (1024K)
 Metaspace       used 53408K, capacity 54843K, committed 55040K, reserved 1097728K
  class space    used 6258K, capacity 6788K, committed 6912K, reserved 1048576K
}
Event: 455.531 GC heap before
{Heap before GC invocations=62 (full 0):
 garbage-first heap   total 104448K, used 94365K [0x0000000700000000, 0x0000000800000000)
  region size 1024K, 5 young (5120K), 1 survivors (1024K)
 Metaspace       used 53409K, capacity 54843K, committed 55040K, reserved 1097728K
  class space    used 6258K, capacity 6788K, committed 6912K, reserved 1048576K
}
Event: 455.533 GC heap after
{Heap after GC invocations=63 (full 0):
 garbage-first heap   total 104448K, used 91147K [0x0000000700000000, 0x0000000800000000)
  region size 1024K, 1 young (1024K), 1 survivors (1024K)
 Metaspace       used 53409K, capacity 54843K, committed 55040K, reserved 1097728K
  class space    used 6258K, capacity 6788K, committed 6912K, reserved 1048576K
}
Event: 455.701 GC heap before
{Heap before GC invocations=64 (full 0):
 garbage-first heap   total 157696K, used 95243K [0x0000000700000000, 0x0000000800000000)
  region size 1024K, 5 young (5120K), 1 survivors (1024K)
 Metaspace       used 53409K, capacity 54843K, committed 55040K, reserved 1097728K
  class space    used 6258K, capacity 6788K, committed 6912K, reserved 1048576K
}
Event: 455.703 GC heap after
{Heap after GC invocations=65 (full 0):
 garbage-first heap   total 157696K, used 91990K [0x0000000700000000, 0x0000000800000000)
  region size 1024K, 1 young (1024K), 1 survivors (1024K)
 Metaspace       used 53409K, capacity 54843K, committed 55040K, reserved 1097728K
  class space    used 6258K, capacity 6788K, committed 6912K, reserved 1048576K
}
Event: 455.951 GC heap before
{Heap before GC invocations=65 (full 0):
 garbage-first heap   total 157696K, used 98134K [0x0000000700000000, 0x0000000800000000)
  region size 1024K, 7 young (7168K), 1 survivors (1024K)
 Metaspace       used 53409K, capacity 54843K, committed 55040K, reserved 1097728K
  class space    used 6258K, capacity 6788K, committed 6912K, reserved 1048576K
}
Event: 455.953 GC heap after
{Heap after GC invocations=66 (full 0):
 garbage-first heap   total 157696K, used 76967K [0x0000000700000000, 0x0000000800000000)
  region size 1024K, 1 young (1024K), 1 survivors (1024K)
 Metaspace       used 53409K, capacity 54843K, committed 55040K, reserved 1097728K
  class space    used 6258K, capacity 6788K, committed 6912K, reserved 1048576K
}
Event: 456.198 GC heap before
{Heap before GC invocations=66 (full 0):
 garbage-first heap   total 157696K, used 83111K [0x0000000700000000, 0x0000000800000000)
  region size 1024K, 7 young (7168K), 1 survivors (1024K)
 Metaspace       used 53409K, capacity 54843K, committed 55040K, reserved 1097728K
  class space    used 6258K, capacity 6788K, committed 6912K, reserved 1048576K
}
Event: 456.201 GC heap after
{Heap after GC invocations=67 (full 0):
 garbage-first heap   total 157696K, used 62707K [0x0000000700000000, 0x0000000800000000)
  region size 1024K, 1 young (1024K), 1 survivors (1024K)
 Metaspace       used 53409K, capacity 54843K, committed 55040K, reserved 1097728K
  class space    used 6258K, capacity 6788K, committed 6912K, reserved 1048576K
}
Event: 456.455 GC heap before
{Heap before GC invocations=67 (full 0):
 garbage-first heap   total 157696K, used 67827K [0x0000000700000000, 0x0000000800000000)
  region size 1024K, 7 young (7168K), 1 survivors (1024K)
 Metaspace       used 53409K, capacity 54843K, committed 55040K, reserved 1097728K
  class space    used 6258K, capacity 6788K, committed 6912K, reserved 1048576K
}

