# JRE version: OpenJDK Runtime Environment (14.0) (build 14-internal+0-adhoc.jigga.loom)
# Java VM: OpenJDK 64-Bit Server VM (14-internal+0-adhoc.jigga.loom, mixed mode, sharing, tiered, compressed oops, g1 gc, bsd-amd64)
Heap:
 garbage-first heap   total 75776K, used 39778K [0x0000000700000000, 0x0000000800000000)
  region size 1024K, 2 young (2048K), 1 survivors (1024K)
 Metaspace       used 53273K, capacity 54712K, committed 55040K, reserved 1097728K
  class space    used 6256K, capacity 6789K, committed 6912K, reserved 1048576K
GC Heap History (20 events):
Event: 93.255 GC heap after
{Heap after GC invocations=37 (full 0):
 garbage-first heap   total 75776K, used 36003K [0x0000000700000000, 0x0000000800000000)
  region size 1024K, 2 young (2048K), 2 survivors (2048K)
 Metaspace       used 53142K, capacity 54575K, committed 54784K, reserved 1097728K
  class space    used 6254K, capacity 6787K, committed 6912K, reserved 1048576K
}
Event: 96.347 GC heap before
{Heap before GC invocations=38 (full 0):
 garbage-first heap   total 75776K, used 60579K [0x0000000700000000, 0x0000000800000000)
  region size 1024K, 27 young (27648K), 2 survivors (2048K)
 Metaspace       used 53155K, capacity 54575K, committed 54784K, reserved 1097728K
  class space    used 6254K, capacity 6787K, committed 6912K, reserved 1048576K
}
Event: 96.349 GC heap after
{Heap after GC invocations=39 (full 0):
 garbage-first heap   total 75776K, used 36166K [0x0000000700000000, 0x0000000800000000)
  region size 1024K, 2 young (2048K), 2 survivors (2048K)
 Metaspace       used 53155K, capacity 54575K, committed 54784K, reserved 1097728K
  class space    used 6254K, capacity 6787K, committed 6912K, reserved 1048576K
}
Event: 99.407 GC heap before
{Heap before GC invocations=39 (full 0):
 garbage-first heap   total 75776K, used 60742K [0x0000000700000000, 0x0000000800000000)
  region size 1024K, 27 young (27648K), 2 survivors (2048K)
 Metaspace       used 53167K, capacity 54581K, committed 54784K, reserved 1097728K
  class space    used 6255K, capacity 6789K, committed 6912K, reserved 1048576K
}
Event: 99.409 GC heap after
{Heap after GC invocations=40 (full 0):
 garbage-first heap   total 75776K, used 36261K [0x0000000700000000, 0x0000000800000000)
  region size 1024K, 2 young (2048K), 2 survivors (2048K)
 Metaspace       used 53167K, capacity 54581K, committed 54784K, reserved 1097728K
  class space    used 6255K, capacity 6789K, committed 6912K, reserved 1048576K
}
Event: 102.471 GC heap before
{Heap before GC invocations=41 (full 0):
 garbage-first heap   total 75776K, used 60837K [0x0000000700000000, 0x0000000800000000)
  region size 1024K, 27 young (27648K), 2 survivors (2048K)
 Metaspace       used 53182K, capacity 54581K, committed 54784K, reserved 1097728K
  class space    used 6255K, capacity 6789K, committed 6912K, reserved 1048576K
}
Event: 102.472 GC heap after
{Heap after GC invocations=42 (full 0):
 garbage-first heap   total 75776K, used 36652K [0x0000000700000000, 0x0000000800000000)
  region size 1024K, 3 young (3072K), 3 survivors (3072K)
 Metaspace       used 53182K, capacity 54581K, committed 54784K, reserved 1097728K
  class space    used 6255K, capacity 6789K, committed 6912K, reserved 1048576K
}
Event: 105.450 GC heap before
{Heap before GC invocations=42 (full 0):
 garbage-first heap   total 75776K, used 61228K [0x0000000700000000, 0x0000000800000000)
  region size 1024K, 27 young (27648K), 3 survivors (3072K)
 Metaspace       used 53210K, capacity 54646K, committed 54784K, reserved 1097728K
  class space    used 6256K, capacity 6789K, committed 6912K, reserved 1048576K
}
Event: 105.452 GC heap after
{Heap after GC invocations=43 (full 0):
 garbage-first heap   total 75776K, used 36816K [0x0000000700000000, 0x0000000800000000)
  region size 1024K, 3 young (3072K), 3 survivors (3072K)
 Metaspace       used 53210K, capacity 54646K, committed 54784K, reserved 1097728K
  class space    used 6256K, capacity 6789K, committed 6912K, reserved 1048576K
}
Event: 108.341 GC heap before
{Heap before GC invocations=44 (full 0):
 garbage-first heap   total 75776K, used 59344K [0x0000000700000000, 0x0000000800000000)
  region size 1024K, 26 young (26624K), 3 survivors (3072K)
 Metaspace       used 53223K, capacity 54646K, committed 54784K, reserved 1097728K
  class space    used 6256K, capacity 6789K, committed 6912K, reserved 1048576K
}
Event: 108.343 GC heap after
{Heap after GC invocations=45 (full 0):
 garbage-first heap   total 75776K, used 37607K [0x0000000700000000, 0x0000000800000000)
  region size 1024K, 3 young (3072K), 3 survivors (3072K)
 Metaspace       used 53223K, capacity 54646K, committed 54784K, reserved 1097728K
  class space    used 6256K, capacity 6789K, committed 6912K, reserved 1048576K
}
Event: 111.259 GC heap before
{Heap before GC invocations=45 (full 0):
 garbage-first heap   total 75776K, used 60135K [0x0000000700000000, 0x0000000800000000)
  region size 1024K, 26 young (26624K), 3 survivors (3072K)
 Metaspace       used 53228K, capacity 54646K, committed 54784K, reserved 1097728K
  class space    used 6256K, capacity 6789K, committed 6912K, reserved 1048576K
}
Event: 111.261 GC heap after
{Heap after GC invocations=46 (full 0):
 garbage-first heap   total 75776K, used 38385K [0x0000000700000000, 0x0000000800000000)
  region size 1024K, 3 young (3072K), 3 survivors (3072K)
 Metaspace       used 53228K, capacity 54646K, committed 54784K, reserved 1097728K
  class space    used 6256K, capacity 6789K, committed 6912K, reserved 1048576K
}
Event: 114.029 GC heap before
{Heap before GC invocations=47 (full 0):
 garbage-first heap   total 75776K, used 60913K [0x0000000700000000, 0x0000000800000000)
  region size 1024K, 25 young (25600K), 3 survivors (3072K)
 Metaspace       used 53240K, capacity 54647K, committed 54784K, reserved 1097728K
  class space    used 6256K, capacity 6789K, committed 6912K, reserved 1048576K
}
Event: 114.030 GC heap after
{Heap after GC invocations=48 (full 0):
 garbage-first heap   total 75776K, used 38771K [0x0000000700000000, 0x0000000800000000)
  region size 1024K, 3 young (3072K), 3 survivors (3072K)
 Metaspace       used 53240K, capacity 54647K, committed 54784K, reserved 1097728K
  class space    used 6256K, capacity 6789K, committed 6912K, reserved 1048576K
}
Event: 116.874 GC heap before
{Heap before GC invocations=48 (full 0):
 garbage-first heap   total 75776K, used 61299K [0x0000000700000000, 0x0000000800000000)
  region size 1024K, 25 young (25600K), 3 survivors (3072K)
 Metaspace       used 53246K, capacity 54647K, committed 54784K, reserved 1097728K
  class space    used 6256K, capacity 6789K, committed 6912K, reserved 1048576K
}
Event: 116.876 GC heap after
{Heap after GC invocations=49 (full 0):
 garbage-first heap   total 75776K, used 38762K [0x0000000700000000, 0x0000000800000000)
  region size 1024K, 2 young (2048K), 2 survivors (2048K)
 Metaspace       used 53246K, capacity 54647K, committed 54784K, reserved 1097728K
  class space    used 6256K, capacity 6789K, committed 6912K, reserved 1048576K
}
Event: 119.758 GC heap before
{Heap before GC invocations=50 (full 0):
 garbage-first heap   total 75776K, used 61290K [0x0000000700000000, 0x0000000800000000)
  region size 1024K, 24 young (24576K), 2 survivors (2048K)
 Metaspace       used 53273K, capacity 54712K, committed 55040K, reserved 1097728K
  class space    used 6256K, capacity 6789K, committed 6912K, reserved 1048576K
}
Event: 119.760 GC heap after
{Heap after GC invocations=51 (full 0):
 garbage-first heap   total 75776K, used 38754K [0x0000000700000000, 0x0000000800000000)
  region size 1024K, 2 young (2048K), 2 survivors (2048K)
 Metaspace       used 53273K, capacity 54712K, committed 55040K, reserved 1097728K
  class space    used 6256K, capacity 6789K, committed 6912K, reserved 1048576K
}
Event: 119.867 GC heap before
{Heap before GC invocations=51 (full 0):
 garbage-first heap   total 75776K, used 39778K [0x0000000700000000, 0x0000000800000000)
  region size 1024K, 3 young (3072K), 2 survivors (2048K)
 Metaspace       used 53273K, capacity 54712K, committed 55040K, reserved 1097728K
  class space    used 6256K, capacity 6789K, committed 6912K, reserved 1048576K
}

